<?xml version="1.0" encoding="UTF-8"?>
<testng-results skipped="0" failed="21" ignored="0" total="60" passed="39">
  <reporter-output>
  </reporter-output>
  <suite name="Regression suite" duration-ms="550167" started-at="2020-10-05T07:54:54Z" finished-at="2020-10-05T08:04:04Z">
    <groups>
      <group name="regression">
        <method signature="IdentifyCoursesTest.formTest(java.util.Hashtable)[pri:1, instance:TestCases.IdentifyCoursesTest@239963d8]" name="formTest" class="TestCases.IdentifyCoursesTest"/>
        <method signature="IdentifyCoursesTest.searchTest(java.lang.String)[pri:0, instance:TestCases.IdentifyCoursesTest@239963d8]" name="searchTest" class="TestCases.IdentifyCoursesTest"/>
        <method signature="IdentifyCoursesTest.formTest(java.util.Hashtable)[pri:1, instance:TestCases.IdentifyCoursesTest@69ea3742]" name="formTest" class="TestCases.IdentifyCoursesTest"/>
        <method signature="IdentifyCoursesTest.searchTest(java.lang.String)[pri:0, instance:TestCases.IdentifyCoursesTest@69ea3742]" name="searchTest" class="TestCases.IdentifyCoursesTest"/>
        <method signature="IdentifyCoursesTest.formTest(java.util.Hashtable)[pri:1, instance:TestCases.IdentifyCoursesTest@6adede5]" name="formTest" class="TestCases.IdentifyCoursesTest"/>
        <method signature="IdentifyCoursesTest.searchTest(java.lang.String)[pri:0, instance:TestCases.IdentifyCoursesTest@6adede5]" name="searchTest" class="TestCases.IdentifyCoursesTest"/>
      </group> <!-- regression -->
      <group name="smoke">
        <method signature="IdentifyCoursesTest.searchTest(java.lang.String)[pri:0, instance:TestCases.IdentifyCoursesTest@239963d8]" name="searchTest" class="TestCases.IdentifyCoursesTest"/>
        <method signature="IdentifyCoursesTest.searchTest(java.lang.String)[pri:0, instance:TestCases.IdentifyCoursesTest@69ea3742]" name="searchTest" class="TestCases.IdentifyCoursesTest"/>
        <method signature="IdentifyCoursesTest.searchTest(java.lang.String)[pri:0, instance:TestCases.IdentifyCoursesTest@6adede5]" name="searchTest" class="TestCases.IdentifyCoursesTest"/>
      </group> <!-- smoke -->
    </groups>
    <test name="Identify Courses in Opera" duration-ms="444808" started-at="2020-10-05T07:54:54Z" finished-at="2020-10-05T08:02:19Z">
      <class name="TestCases.IdentifyCoursesTest">
        <test-method status="PASS" signature="searchTest(java.lang.String)[pri:0, instance:TestCases.IdentifyCoursesTest@69ea3742]" name="searchTest" duration-ms="117921" started-at="2020-10-05T07:54:54Z" finished-at="2020-10-05T07:56:52Z">
          <params>
            <param index="0">
              <value>
                <![CDATA[Opera]]>
              </value>
            </param>
          </params>
          <reporter-output>
          </reporter-output>
        </test-method> <!-- searchTest -->
        <test-method status="PASS" signature="formTest(java.util.Hashtable)[pri:1, instance:TestCases.IdentifyCoursesTest@69ea3742]" name="formTest" duration-ms="19151" started-at="2020-10-05T07:56:52Z" data-provider="getData" finished-at="2020-10-05T07:57:11Z">
          <params>
            <param index="0">
              <value>
                <![CDATA[{Comment=Empty FirstName, InstitutionStrength=1001-5000, CourseraUsersCount=1001-5000, InstitutionType=Government, Email=ab@cd.com, JobTitle=QAE, PageTitle=Coursera for Campus | Online Learning Platform for Universities, LastName=Kamenov, InstitutionName=xyz , FirstName=___, State=Tamil Nadu, Country=India, PhoneNo=987-654-3210}]]>
              </value>
            </param>
          </params>
          <reporter-output>
          </reporter-output>
        </test-method> <!-- formTest -->
        <test-method status="PASS" signature="formTest(java.util.Hashtable)[pri:1, instance:TestCases.IdentifyCoursesTest@69ea3742]" name="formTest" duration-ms="12409" started-at="2020-10-05T07:57:11Z" data-provider="getData" finished-at="2020-10-05T07:57:23Z">
          <params>
            <param index="0">
              <value>
                <![CDATA[{Comment=Empty LastName, InstitutionStrength=1001-5000, CourseraUsersCount=1001-5000, InstitutionType=Government, Email=ab@cd.com, JobTitle=QAE, PageTitle=Coursera for Campus | Online Learning Platform for Universities, LastName=___, InstitutionName=xyz , FirstName=Viktor, State=Tamil Nadu, Country=India, PhoneNo=987-654-3210}]]>
              </value>
            </param>
          </params>
          <reporter-output>
          </reporter-output>
        </test-method> <!-- formTest -->
        <test-method status="PASS" signature="formTest(java.util.Hashtable)[pri:1, instance:TestCases.IdentifyCoursesTest@69ea3742]" name="formTest" duration-ms="21751" started-at="2020-10-05T07:57:23Z" data-provider="getData" finished-at="2020-10-05T07:57:45Z">
          <params>
            <param index="0">
              <value>
                <![CDATA[{Comment=Empty Email, InstitutionStrength=1001-5000, CourseraUsersCount=1001-5000, InstitutionType=Government, Email=___, JobTitle=QAE, PageTitle=Coursera for Campus | Online Learning Platform for Universities, LastName=Kamenov, InstitutionName=xyz , FirstName=Viktor, State=Tamil Nadu, Country=India, PhoneNo=987-654-3210}]]>
              </value>
            </param>
          </params>
          <reporter-output>
          </reporter-output>
        </test-method> <!-- formTest -->
        <test-method status="PASS" signature="formTest(java.util.Hashtable)[pri:1, instance:TestCases.IdentifyCoursesTest@69ea3742]" name="formTest" duration-ms="21489" started-at="2020-10-05T07:57:45Z" data-provider="getData" finished-at="2020-10-05T07:58:07Z">
          <params>
            <param index="0">
              <value>
                <![CDATA[{Comment=Invalid Email, InstitutionStrength=1001-5000, CourseraUsersCount=1001-5000, InstitutionType=Government, Email=abcd, JobTitle=QAE, PageTitle=Coursera for Campus | Online Learning Platform for Universities, LastName=Kamenov, InstitutionName=xyz , FirstName=Viktor, State=Tamil Nadu, Country=India, PhoneNo=987-654-3210}]]>
              </value>
            </param>
          </params>
          <reporter-output>
          </reporter-output>
        </test-method> <!-- formTest -->
        <test-method status="PASS" signature="formTest(java.util.Hashtable)[pri:1, instance:TestCases.IdentifyCoursesTest@69ea3742]" name="formTest" duration-ms="13513" started-at="2020-10-05T07:58:07Z" data-provider="getData" finished-at="2020-10-05T07:58:20Z">
          <params>
            <param index="0">
              <value>
                <![CDATA[{Comment=Empty JobTitle, InstitutionStrength=1001-5000, CourseraUsersCount=1001-5000, InstitutionType=Government, Email=ab@cd.com, JobTitle=___, PageTitle=Coursera for Campus | Online Learning Platform for Universities, LastName=Kamenov, InstitutionName=xyz , FirstName=Viktor, State=Tamil Nadu, Country=India, PhoneNo=987-654-3210}]]>
              </value>
            </param>
          </params>
          <reporter-output>
          </reporter-output>
        </test-method> <!-- formTest -->
        <test-method status="PASS" signature="formTest(java.util.Hashtable)[pri:1, instance:TestCases.IdentifyCoursesTest@69ea3742]" name="formTest" duration-ms="10897" started-at="2020-10-05T07:58:20Z" data-provider="getData" finished-at="2020-10-05T07:58:31Z">
          <params>
            <param index="0">
              <value>
                <![CDATA[{Comment=Empty PhoneNo, InstitutionStrength=1001-5000, CourseraUsersCount=1001-5000, InstitutionType=Government, Email=ab@cd.com, JobTitle=QAE, PageTitle=Coursera for Campus | Online Learning Platform for Universities, LastName=Kamenov, InstitutionName=xyz , FirstName=Viktor, State=Tamil Nadu, Country=India, PhoneNo=___}]]>
              </value>
            </param>
          </params>
          <reporter-output>
          </reporter-output>
        </test-method> <!-- formTest -->
        <test-method status="FAIL" signature="formTest(java.util.Hashtable)[pri:1, instance:TestCases.IdentifyCoursesTest@69ea3742]" name="formTest" duration-ms="27326" started-at="2020-10-05T07:58:31Z" data-provider="getData" finished-at="2020-10-05T07:58:58Z">
          <params>
            <param index="0">
              <value>
                <![CDATA[{Comment=Invalid PhoneNo, InstitutionStrength=1001-5000, CourseraUsersCount=1001-5000, InstitutionType=Government, Email=ab@cd.com, JobTitle=QAE, PageTitle=Coursera for Campus | Online Learning Platform for Universities, LastName=Kamenov, InstitutionName=xyz , FirstName=Viktor, State=Tamil Nadu, Country=India, PhoneNo=987-65}]]>
              </value>
            </param>
          </params>
          <exception class="java.lang.AssertionError">
            <message>
              <![CDATA[Error message NOT displayed, which is a failure!]]>
            </message>
            <full-stacktrace>
              <![CDATA[java.lang.AssertionError: Error message NOT displayed, which is a failure!
at org.testng.Assert.fail(Assert.java:96)
at BaseClasses.BaseTestClass.reportFail(BaseTestClass.java:174)
at PageClasses.CourseraForCampusPage.fillAndSubmitForm(CourseraForCampusPage.java:117)
at TestCases.IdentifyCoursesTest.formTest(IdentifyCoursesTest.java:66)
at sun.reflect.GeneratedMethodAccessor8.invoke(Unknown Source)
at sun.reflect.DelegatingMethodAccessorImpl.invoke(DelegatingMethodAccessorImpl.java:43)
at java.lang.reflect.Method.invoke(Method.java:498)
at org.testng.internal.MethodInvocationHelper.invokeMethod(MethodInvocationHelper.java:124)
at org.testng.internal.Invoker.invokeMethod(Invoker.java:583)
at org.testng.internal.Invoker.invokeTestMethod(Invoker.java:719)
at org.testng.internal.Invoker.invokeTestMethods(Invoker.java:989)
at org.testng.internal.TestMethodWorker.invokeTestMethods(TestMethodWorker.java:125)
at org.testng.internal.TestMethodWorker.run(TestMethodWorker.java:109)
at org.testng.TestRunner.privateRun(TestRunner.java:648)
at org.testng.TestRunner.run(TestRunner.java:505)
at org.testng.SuiteRunner.runTest(SuiteRunner.java:455)
at org.testng.SuiteRunner.access$000(SuiteRunner.java:40)
at org.testng.SuiteRunner$SuiteWorker.run(SuiteRunner.java:489)
at org.testng.internal.thread.ThreadUtil$1.call(ThreadUtil.java:52)
at java.util.concurrent.FutureTask.run(FutureTask.java:266)
at java.util.concurrent.ThreadPoolExecutor.runWorker(ThreadPoolExecutor.java:1149)
at java.util.concurrent.ThreadPoolExecutor$Worker.run(ThreadPoolExecutor.java:624)
at java.lang.Thread.run(Thread.java:748)
]]>
            </full-stacktrace>
          </exception> <!-- java.lang.AssertionError -->
          <reporter-output>
          </reporter-output>
        </test-method> <!-- formTest -->
        <test-method status="FAIL" signature="formTest(java.util.Hashtable)[pri:1, instance:TestCases.IdentifyCoursesTest@69ea3742]" name="formTest" duration-ms="17156" started-at="2020-10-05T07:58:58Z" data-provider="getData" finished-at="2020-10-05T07:59:16Z">
          <params>
            <param index="0">
              <value>
                <![CDATA[{Comment=Invalid PhoneNo, InstitutionStrength=1001-5000, CourseraUsersCount=1001-5000, InstitutionType=Government, Email=ab@cd.com, JobTitle=QAE, PageTitle=Coursera for Campus | Online Learning Platform for Universities, LastName=Kamenov, InstitutionName=xyz , FirstName=Viktor, State=Tamil Nadu, Country=India, PhoneNo=((((}]]>
              </value>
            </param>
          </params>
          <exception class="java.lang.AssertionError">
            <message>
              <![CDATA[Error message NOT displayed, which is a failure!]]>
            </message>
            <full-stacktrace>
              <![CDATA[java.lang.AssertionError: Error message NOT displayed, which is a failure!
at org.testng.Assert.fail(Assert.java:96)
at BaseClasses.BaseTestClass.reportFail(BaseTestClass.java:174)
at PageClasses.CourseraForCampusPage.fillAndSubmitForm(CourseraForCampusPage.java:117)
at TestCases.IdentifyCoursesTest.formTest(IdentifyCoursesTest.java:66)
at sun.reflect.GeneratedMethodAccessor8.invoke(Unknown Source)
at sun.reflect.DelegatingMethodAccessorImpl.invoke(DelegatingMethodAccessorImpl.java:43)
at java.lang.reflect.Method.invoke(Method.java:498)
at org.testng.internal.MethodInvocationHelper.invokeMethod(MethodInvocationHelper.java:124)
at org.testng.internal.Invoker.invokeMethod(Invoker.java:583)
at org.testng.internal.Invoker.invokeTestMethod(Invoker.java:719)
at org.testng.internal.Invoker.invokeTestMethods(Invoker.java:989)
at org.testng.internal.TestMethodWorker.invokeTestMethods(TestMethodWorker.java:125)
at org.testng.internal.TestMethodWorker.run(TestMethodWorker.java:109)
at org.testng.TestRunner.privateRun(TestRunner.java:648)
at org.testng.TestRunner.run(TestRunner.java:505)
at org.testng.SuiteRunner.runTest(SuiteRunner.java:455)
at org.testng.SuiteRunner.access$000(SuiteRunner.java:40)
at org.testng.SuiteRunner$SuiteWorker.run(SuiteRunner.java:489)
at org.testng.internal.thread.ThreadUtil$1.call(ThreadUtil.java:52)
at java.util.concurrent.FutureTask.run(FutureTask.java:266)
at java.util.concurrent.ThreadPoolExecutor.runWorker(ThreadPoolExecutor.java:1149)
at java.util.concurrent.ThreadPoolExecutor$Worker.run(ThreadPoolExecutor.java:624)
at java.lang.Thread.run(Thread.java:748)
]]>
            </full-stacktrace>
          </exception> <!-- java.lang.AssertionError -->
          <reporter-output>
          </reporter-output>
        </test-method> <!-- formTest -->
        <test-method status="FAIL" signature="formTest(java.util.Hashtable)[pri:1, instance:TestCases.IdentifyCoursesTest@69ea3742]" name="formTest" duration-ms="19793" started-at="2020-10-05T07:59:16Z" data-provider="getData" finished-at="2020-10-05T07:59:35Z">
          <params>
            <param index="0">
              <value>
                <![CDATA[{Comment=Invalid PhoneNo, InstitutionStrength=1001-5000, CourseraUsersCount=1001-5000, InstitutionType=Government, Email=ab@cd.com, JobTitle=QAE, PageTitle=Coursera for Campus | Online Learning Platform for Universities, LastName=Kamenov, InstitutionName=xyz , FirstName=Viktor, State=Tamil Nadu, Country=India, PhoneNo=))))}]]>
              </value>
            </param>
          </params>
          <exception class="java.lang.AssertionError">
            <message>
              <![CDATA[Error message NOT displayed, which is a failure!]]>
            </message>
            <full-stacktrace>
              <![CDATA[java.lang.AssertionError: Error message NOT displayed, which is a failure!
at org.testng.Assert.fail(Assert.java:96)
at BaseClasses.BaseTestClass.reportFail(BaseTestClass.java:174)
at PageClasses.CourseraForCampusPage.fillAndSubmitForm(CourseraForCampusPage.java:117)
at TestCases.IdentifyCoursesTest.formTest(IdentifyCoursesTest.java:66)
at sun.reflect.GeneratedMethodAccessor8.invoke(Unknown Source)
at sun.reflect.DelegatingMethodAccessorImpl.invoke(DelegatingMethodAccessorImpl.java:43)
at java.lang.reflect.Method.invoke(Method.java:498)
at org.testng.internal.MethodInvocationHelper.invokeMethod(MethodInvocationHelper.java:124)
at org.testng.internal.Invoker.invokeMethod(Invoker.java:583)
at org.testng.internal.Invoker.invokeTestMethod(Invoker.java:719)
at org.testng.internal.Invoker.invokeTestMethods(Invoker.java:989)
at org.testng.internal.TestMethodWorker.invokeTestMethods(TestMethodWorker.java:125)
at org.testng.internal.TestMethodWorker.run(TestMethodWorker.java:109)
at org.testng.TestRunner.privateRun(TestRunner.java:648)
at org.testng.TestRunner.run(TestRunner.java:505)
at org.testng.SuiteRunner.runTest(SuiteRunner.java:455)
at org.testng.SuiteRunner.access$000(SuiteRunner.java:40)
at org.testng.SuiteRunner$SuiteWorker.run(SuiteRunner.java:489)
at org.testng.internal.thread.ThreadUtil$1.call(ThreadUtil.java:52)
at java.util.concurrent.FutureTask.run(FutureTask.java:266)
at java.util.concurrent.ThreadPoolExecutor.runWorker(ThreadPoolExecutor.java:1149)
at java.util.concurrent.ThreadPoolExecutor$Worker.run(ThreadPoolExecutor.java:624)
at java.lang.Thread.run(Thread.java:748)
]]>
            </full-stacktrace>
          </exception> <!-- java.lang.AssertionError -->
          <reporter-output>
          </reporter-output>
        </test-method> <!-- formTest -->
        <test-method status="FAIL" signature="formTest(java.util.Hashtable)[pri:1, instance:TestCases.IdentifyCoursesTest@69ea3742]" name="formTest" duration-ms="16663" started-at="2020-10-05T07:59:35Z" data-provider="getData" finished-at="2020-10-05T07:59:52Z">
          <params>
            <param index="0">
              <value>
                <![CDATA[{Comment=Invalid PhoneNo, InstitutionStrength=1001-5000, CourseraUsersCount=1001-5000, InstitutionType=Government, Email=ab@cd.com, JobTitle=QAE, PageTitle=Coursera for Campus | Online Learning Platform for Universities, LastName=Kamenov, InstitutionName=xyz , FirstName=Viktor, State=Tamil Nadu, Country=India, PhoneNo=98----}]]>
              </value>
            </param>
          </params>
          <exception class="java.lang.AssertionError">
            <message>
              <![CDATA[Error message NOT displayed, which is a failure!]]>
            </message>
            <full-stacktrace>
              <![CDATA[java.lang.AssertionError: Error message NOT displayed, which is a failure!
at org.testng.Assert.fail(Assert.java:96)
at BaseClasses.BaseTestClass.reportFail(BaseTestClass.java:174)
at PageClasses.CourseraForCampusPage.fillAndSubmitForm(CourseraForCampusPage.java:117)
at TestCases.IdentifyCoursesTest.formTest(IdentifyCoursesTest.java:66)
at sun.reflect.GeneratedMethodAccessor8.invoke(Unknown Source)
at sun.reflect.DelegatingMethodAccessorImpl.invoke(DelegatingMethodAccessorImpl.java:43)
at java.lang.reflect.Method.invoke(Method.java:498)
at org.testng.internal.MethodInvocationHelper.invokeMethod(MethodInvocationHelper.java:124)
at org.testng.internal.Invoker.invokeMethod(Invoker.java:583)
at org.testng.internal.Invoker.invokeTestMethod(Invoker.java:719)
at org.testng.internal.Invoker.invokeTestMethods(Invoker.java:989)
at org.testng.internal.TestMethodWorker.invokeTestMethods(TestMethodWorker.java:125)
at org.testng.internal.TestMethodWorker.run(TestMethodWorker.java:109)
at org.testng.TestRunner.privateRun(TestRunner.java:648)
at org.testng.TestRunner.run(TestRunner.java:505)
at org.testng.SuiteRunner.runTest(SuiteRunner.java:455)
at org.testng.SuiteRunner.access$000(SuiteRunner.java:40)
at org.testng.SuiteRunner$SuiteWorker.run(SuiteRunner.java:489)
at org.testng.internal.thread.ThreadUtil$1.call(ThreadUtil.java:52)
at java.util.concurrent.FutureTask.run(FutureTask.java:266)
at java.util.concurrent.ThreadPoolExecutor.runWorker(ThreadPoolExecutor.java:1149)
at java.util.concurrent.ThreadPoolExecutor$Worker.run(ThreadPoolExecutor.java:624)
at java.lang.Thread.run(Thread.java:748)
]]>
            </full-stacktrace>
          </exception> <!-- java.lang.AssertionError -->
          <reporter-output>
          </reporter-output>
        </test-method> <!-- formTest -->
        <test-method status="FAIL" signature="formTest(java.util.Hashtable)[pri:1, instance:TestCases.IdentifyCoursesTest@69ea3742]" name="formTest" duration-ms="15474" started-at="2020-10-05T07:59:52Z" data-provider="getData" finished-at="2020-10-05T08:00:08Z">
          <params>
            <param index="0">
              <value>
                <![CDATA[{Comment=Invalid PhoneNo, InstitutionStrength=1001-5000, CourseraUsersCount=1001-5000, InstitutionType=Government, Email=ab@cd.com, JobTitle=QAE, PageTitle=Coursera for Campus | Online Learning Platform for Universities, LastName=Kamenov, InstitutionName=xyz , FirstName=Viktor, State=Tamil Nadu, Country=India, PhoneNo=76++}]]>
              </value>
            </param>
          </params>
          <exception class="java.lang.AssertionError">
            <message>
              <![CDATA[Error message NOT displayed, which is a failure!]]>
            </message>
            <full-stacktrace>
              <![CDATA[java.lang.AssertionError: Error message NOT displayed, which is a failure!
at org.testng.Assert.fail(Assert.java:96)
at BaseClasses.BaseTestClass.reportFail(BaseTestClass.java:174)
at PageClasses.CourseraForCampusPage.fillAndSubmitForm(CourseraForCampusPage.java:117)
at TestCases.IdentifyCoursesTest.formTest(IdentifyCoursesTest.java:66)
at sun.reflect.GeneratedMethodAccessor8.invoke(Unknown Source)
at sun.reflect.DelegatingMethodAccessorImpl.invoke(DelegatingMethodAccessorImpl.java:43)
at java.lang.reflect.Method.invoke(Method.java:498)
at org.testng.internal.MethodInvocationHelper.invokeMethod(MethodInvocationHelper.java:124)
at org.testng.internal.Invoker.invokeMethod(Invoker.java:583)
at org.testng.internal.Invoker.invokeTestMethod(Invoker.java:719)
at org.testng.internal.Invoker.invokeTestMethods(Invoker.java:989)
at org.testng.internal.TestMethodWorker.invokeTestMethods(TestMethodWorker.java:125)
at org.testng.internal.TestMethodWorker.run(TestMethodWorker.java:109)
at org.testng.TestRunner.privateRun(TestRunner.java:648)
at org.testng.TestRunner.run(TestRunner.java:505)
at org.testng.SuiteRunner.runTest(SuiteRunner.java:455)
at org.testng.SuiteRunner.access$000(SuiteRunner.java:40)
at org.testng.SuiteRunner$SuiteWorker.run(SuiteRunner.java:489)
at org.testng.internal.thread.ThreadUtil$1.call(ThreadUtil.java:52)
at java.util.concurrent.FutureTask.run(FutureTask.java:266)
at java.util.concurrent.ThreadPoolExecutor.runWorker(ThreadPoolExecutor.java:1149)
at java.util.concurrent.ThreadPoolExecutor$Worker.run(ThreadPoolExecutor.java:624)
at java.lang.Thread.run(Thread.java:748)
]]>
            </full-stacktrace>
          </exception> <!-- java.lang.AssertionError -->
          <reporter-output>
          </reporter-output>
        </test-method> <!-- formTest -->
        <test-method status="FAIL" signature="formTest(java.util.Hashtable)[pri:1, instance:TestCases.IdentifyCoursesTest@69ea3742]" name="formTest" duration-ms="31331" started-at="2020-10-05T08:00:08Z" data-provider="getData" finished-at="2020-10-05T08:00:39Z">
          <params>
            <param index="0">
              <value>
                <![CDATA[{Comment=Invalid PhoneNo, InstitutionStrength=1001-5000, CourseraUsersCount=1001-5000, InstitutionType=Government, Email=ab@cd.com, JobTitle=QAE, PageTitle=Coursera for Campus | Online Learning Platform for Universities, LastName=Kamenov, InstitutionName=xyz , FirstName=Viktor, State=Tamil Nadu, Country=India, PhoneNo=54...}]]>
              </value>
            </param>
          </params>
          <exception class="java.lang.AssertionError">
            <message>
              <![CDATA[Error message NOT displayed, which is a failure!]]>
            </message>
            <full-stacktrace>
              <![CDATA[java.lang.AssertionError: Error message NOT displayed, which is a failure!
at org.testng.Assert.fail(Assert.java:96)
at BaseClasses.BaseTestClass.reportFail(BaseTestClass.java:174)
at PageClasses.CourseraForCampusPage.fillAndSubmitForm(CourseraForCampusPage.java:117)
at TestCases.IdentifyCoursesTest.formTest(IdentifyCoursesTest.java:66)
at sun.reflect.GeneratedMethodAccessor8.invoke(Unknown Source)
at sun.reflect.DelegatingMethodAccessorImpl.invoke(DelegatingMethodAccessorImpl.java:43)
at java.lang.reflect.Method.invoke(Method.java:498)
at org.testng.internal.MethodInvocationHelper.invokeMethod(MethodInvocationHelper.java:124)
at org.testng.internal.Invoker.invokeMethod(Invoker.java:583)
at org.testng.internal.Invoker.invokeTestMethod(Invoker.java:719)
at org.testng.internal.Invoker.invokeTestMethods(Invoker.java:989)
at org.testng.internal.TestMethodWorker.invokeTestMethods(TestMethodWorker.java:125)
at org.testng.internal.TestMethodWorker.run(TestMethodWorker.java:109)
at org.testng.TestRunner.privateRun(TestRunner.java:648)
at org.testng.TestRunner.run(TestRunner.java:505)
at org.testng.SuiteRunner.runTest(SuiteRunner.java:455)
at org.testng.SuiteRunner.access$000(SuiteRunner.java:40)
at org.testng.SuiteRunner$SuiteWorker.run(SuiteRunner.java:489)
at org.testng.internal.thread.ThreadUtil$1.call(ThreadUtil.java:52)
at java.util.concurrent.FutureTask.run(FutureTask.java:266)
at java.util.concurrent.ThreadPoolExecutor.runWorker(ThreadPoolExecutor.java:1149)
at java.util.concurrent.ThreadPoolExecutor$Worker.run(ThreadPoolExecutor.java:624)
at java.lang.Thread.run(Thread.java:748)
]]>
            </full-stacktrace>
          </exception> <!-- java.lang.AssertionError -->
          <reporter-output>
          </reporter-output>
        </test-method> <!-- formTest -->
        <test-method status="FAIL" signature="formTest(java.util.Hashtable)[pri:1, instance:TestCases.IdentifyCoursesTest@69ea3742]" name="formTest" duration-ms="15074" started-at="2020-10-05T08:00:39Z" data-provider="getData" finished-at="2020-10-05T08:00:54Z">
          <params>
            <param index="0">
              <value>
                <![CDATA[{Comment=Invalid PhoneNo, InstitutionStrength=1001-5000, CourseraUsersCount=1001-5000, InstitutionType=Government, Email=ab@cd.com, JobTitle=QAE, PageTitle=Coursera for Campus | Online Learning Platform for Universities, LastName=Kamenov, InstitutionName=xyz , FirstName=Viktor, State=Tamil Nadu, Country=India, PhoneNo=(321)-+.}]]>
              </value>
            </param>
          </params>
          <exception class="java.lang.AssertionError">
            <message>
              <![CDATA[Error message NOT displayed, which is a failure!]]>
            </message>
            <full-stacktrace>
              <![CDATA[java.lang.AssertionError: Error message NOT displayed, which is a failure!
at org.testng.Assert.fail(Assert.java:96)
at BaseClasses.BaseTestClass.reportFail(BaseTestClass.java:174)
at PageClasses.CourseraForCampusPage.fillAndSubmitForm(CourseraForCampusPage.java:117)
at TestCases.IdentifyCoursesTest.formTest(IdentifyCoursesTest.java:66)
at sun.reflect.GeneratedMethodAccessor8.invoke(Unknown Source)
at sun.reflect.DelegatingMethodAccessorImpl.invoke(DelegatingMethodAccessorImpl.java:43)
at java.lang.reflect.Method.invoke(Method.java:498)
at org.testng.internal.MethodInvocationHelper.invokeMethod(MethodInvocationHelper.java:124)
at org.testng.internal.Invoker.invokeMethod(Invoker.java:583)
at org.testng.internal.Invoker.invokeTestMethod(Invoker.java:719)
at org.testng.internal.Invoker.invokeTestMethods(Invoker.java:989)
at org.testng.internal.TestMethodWorker.invokeTestMethods(TestMethodWorker.java:125)
at org.testng.internal.TestMethodWorker.run(TestMethodWorker.java:109)
at org.testng.TestRunner.privateRun(TestRunner.java:648)
at org.testng.TestRunner.run(TestRunner.java:505)
at org.testng.SuiteRunner.runTest(SuiteRunner.java:455)
at org.testng.SuiteRunner.access$000(SuiteRunner.java:40)
at org.testng.SuiteRunner$SuiteWorker.run(SuiteRunner.java:489)
at org.testng.internal.thread.ThreadUtil$1.call(ThreadUtil.java:52)
at java.util.concurrent.FutureTask.run(FutureTask.java:266)
at java.util.concurrent.ThreadPoolExecutor.runWorker(ThreadPoolExecutor.java:1149)
at java.util.concurrent.ThreadPoolExecutor$Worker.run(ThreadPoolExecutor.java:624)
at java.lang.Thread.run(Thread.java:748)
]]>
            </full-stacktrace>
          </exception> <!-- java.lang.AssertionError -->
          <reporter-output>
          </reporter-output>
        </test-method> <!-- formTest -->
        <test-method status="PASS" signature="formTest(java.util.Hashtable)[pri:1, instance:TestCases.IdentifyCoursesTest@69ea3742]" name="formTest" duration-ms="11689" started-at="2020-10-05T08:00:54Z" data-provider="getData" finished-at="2020-10-05T08:01:06Z">
          <params>
            <param index="0">
              <value>
                <![CDATA[{Comment=Empty InstitutionName, InstitutionStrength=1001-5000, CourseraUsersCount=1001-5000, InstitutionType=Government, Email=ab@cd.com, JobTitle=QAE, PageTitle=Coursera for Campus | Online Learning Platform for Universities, LastName=Kamenov, InstitutionName=___, FirstName=Viktor, State=Tamil Nadu, Country=India, PhoneNo=987-654-3210}]]>
              </value>
            </param>
          </params>
          <reporter-output>
          </reporter-output>
        </test-method> <!-- formTest -->
        <test-method status="PASS" signature="formTest(java.util.Hashtable)[pri:1, instance:TestCases.IdentifyCoursesTest@69ea3742]" name="formTest" duration-ms="10886" started-at="2020-10-05T08:01:06Z" data-provider="getData" finished-at="2020-10-05T08:01:17Z">
          <params>
            <param index="0">
              <value>
                <![CDATA[{Comment=No selection in InstitutionType, InstitutionStrength=1001-5000, CourseraUsersCount=1001-5000, InstitutionType=___, Email=ab@cd.com, JobTitle=QAE, PageTitle=Coursera for Campus | Online Learning Platform for Universities, LastName=Kamenov, InstitutionName=xyz , FirstName=Viktor, State=Tamil Nadu, Country=India, PhoneNo=987-654-3210}]]>
              </value>
            </param>
          </params>
          <reporter-output>
          </reporter-output>
        </test-method> <!-- formTest -->
        <test-method status="PASS" signature="formTest(java.util.Hashtable)[pri:1, instance:TestCases.IdentifyCoursesTest@69ea3742]" name="formTest" duration-ms="10630" started-at="2020-10-05T08:01:17Z" data-provider="getData" finished-at="2020-10-05T08:01:27Z">
          <params>
            <param index="0">
              <value>
                <![CDATA[{Comment=No selection in InstitutionStrength, InstitutionStrength=___, CourseraUsersCount=1001-5000, InstitutionType=Government, Email=ab@cd.com, JobTitle=QAE, PageTitle=Coursera for Campus | Online Learning Platform for Universities, LastName=Kamenov, InstitutionName=xyz , FirstName=Viktor, State=Tamil Nadu, Country=India, PhoneNo=987-654-3210}]]>
              </value>
            </param>
          </params>
          <reporter-output>
          </reporter-output>
        </test-method> <!-- formTest -->
        <test-method status="PASS" signature="formTest(java.util.Hashtable)[pri:1, instance:TestCases.IdentifyCoursesTest@69ea3742]" name="formTest" duration-ms="15102" started-at="2020-10-05T08:01:27Z" data-provider="getData" finished-at="2020-10-05T08:01:42Z">
          <params>
            <param index="0">
              <value>
                <![CDATA[{Comment=No selection in CourseraUsersCount, InstitutionStrength=1001-5000, CourseraUsersCount=___, InstitutionType=Government, Email=ab@cd.com, JobTitle=QAE, PageTitle=Coursera for Campus | Online Learning Platform for Universities, LastName=Kamenov, InstitutionName=xyz , FirstName=Viktor, State=Tamil Nadu, Country=India, PhoneNo=987-654-3210}]]>
              </value>
            </param>
          </params>
          <reporter-output>
          </reporter-output>
        </test-method> <!-- formTest -->
        <test-method status="PASS" signature="formTest(java.util.Hashtable)[pri:1, instance:TestCases.IdentifyCoursesTest@69ea3742]" name="formTest" duration-ms="19489" started-at="2020-10-05T08:01:42Z" data-provider="getData" finished-at="2020-10-05T08:02:02Z">
          <params>
            <param index="0">
              <value>
                <![CDATA[{Comment=No selection in Country, InstitutionStrength=1001-5000, CourseraUsersCount=1001-5000, InstitutionType=Government, Email=ab@cd.com, JobTitle=QAE, PageTitle=Coursera for Campus | Online Learning Platform for Universities, LastName=Kamenov, InstitutionName=xyz , FirstName=Viktor, State=___, Country=___, PhoneNo=987-654-3210}]]>
              </value>
            </param>
          </params>
          <reporter-output>
          </reporter-output>
        </test-method> <!-- formTest -->
        <test-method status="PASS" signature="formTest(java.util.Hashtable)[pri:1, instance:TestCases.IdentifyCoursesTest@69ea3742]" name="formTest" duration-ms="13050" started-at="2020-10-05T08:02:02Z" data-provider="getData" finished-at="2020-10-05T08:02:15Z">
          <params>
            <param index="0">
              <value>
                <![CDATA[{Comment=No selection in State, InstitutionStrength=1001-5000, CourseraUsersCount=1001-5000, InstitutionType=Government, Email=ab@cd.com, JobTitle=QAE, PageTitle=Coursera for Campus | Online Learning Platform for Universities, LastName=Kamenov, InstitutionName=xyz , FirstName=Viktor, State=___, Country=India, PhoneNo=987-654-3210}]]>
              </value>
            </param>
          </params>
          <reporter-output>
          </reporter-output>
        </test-method> <!-- formTest -->
        <test-method status="PASS" signature="quitBrowser()[pri:0, instance:TestCases.IdentifyCoursesTest@69ea3742]" name="quitBrowser" is-config="true" duration-ms="3864" started-at="2020-10-05T08:02:15Z" finished-at="2020-10-05T08:02:19Z">
          <reporter-output>
          </reporter-output>
        </test-method> <!-- quitBrowser -->
      </class> <!-- TestCases.IdentifyCoursesTest -->
    </test> <!-- Identify Courses in Opera -->
    <test name="Identify Courses in Chrome" duration-ms="503287" started-at="2020-10-05T07:54:54Z" finished-at="2020-10-05T08:03:17Z">
      <class name="TestCases.IdentifyCoursesTest">
        <test-method status="PASS" signature="searchTest(java.lang.String)[pri:0, instance:TestCases.IdentifyCoursesTest@239963d8]" name="searchTest" duration-ms="72945" started-at="2020-10-05T07:54:54Z" finished-at="2020-10-05T07:56:07Z">
          <params>
            <param index="0">
              <value>
                <![CDATA[Chrome]]>
              </value>
            </param>
          </params>
          <reporter-output>
          </reporter-output>
        </test-method> <!-- searchTest -->
        <test-method status="PASS" signature="formTest(java.util.Hashtable)[pri:1, instance:TestCases.IdentifyCoursesTest@239963d8]" name="formTest" duration-ms="20750" started-at="2020-10-05T07:56:24Z" data-provider="getData" finished-at="2020-10-05T07:56:44Z">
          <params>
            <param index="0">
              <value>
                <![CDATA[{Comment=Empty FirstName, InstitutionStrength=1001-5000, CourseraUsersCount=1001-5000, InstitutionType=Government, Email=ab@cd.com, JobTitle=QAE, PageTitle=Coursera for Campus | Online Learning Platform for Universities, LastName=Kamenov, InstitutionName=xyz , FirstName=___, State=Tamil Nadu, Country=India, PhoneNo=987-654-3210}]]>
              </value>
            </param>
          </params>
          <reporter-output>
          </reporter-output>
        </test-method> <!-- formTest -->
        <test-method status="PASS" signature="formTest(java.util.Hashtable)[pri:1, instance:TestCases.IdentifyCoursesTest@239963d8]" name="formTest" duration-ms="16399" started-at="2020-10-05T07:56:44Z" data-provider="getData" finished-at="2020-10-05T07:57:01Z">
          <params>
            <param index="0">
              <value>
                <![CDATA[{Comment=Empty LastName, InstitutionStrength=1001-5000, CourseraUsersCount=1001-5000, InstitutionType=Government, Email=ab@cd.com, JobTitle=QAE, PageTitle=Coursera for Campus | Online Learning Platform for Universities, LastName=___, InstitutionName=xyz , FirstName=Viktor, State=Tamil Nadu, Country=India, PhoneNo=987-654-3210}]]>
              </value>
            </param>
          </params>
          <reporter-output>
          </reporter-output>
        </test-method> <!-- formTest -->
        <test-method status="PASS" signature="formTest(java.util.Hashtable)[pri:1, instance:TestCases.IdentifyCoursesTest@239963d8]" name="formTest" duration-ms="15997" started-at="2020-10-05T07:57:01Z" data-provider="getData" finished-at="2020-10-05T07:57:17Z">
          <params>
            <param index="0">
              <value>
                <![CDATA[{Comment=Empty Email, InstitutionStrength=1001-5000, CourseraUsersCount=1001-5000, InstitutionType=Government, Email=___, JobTitle=QAE, PageTitle=Coursera for Campus | Online Learning Platform for Universities, LastName=Kamenov, InstitutionName=xyz , FirstName=Viktor, State=Tamil Nadu, Country=India, PhoneNo=987-654-3210}]]>
              </value>
            </param>
          </params>
          <reporter-output>
          </reporter-output>
        </test-method> <!-- formTest -->
        <test-method status="PASS" signature="formTest(java.util.Hashtable)[pri:1, instance:TestCases.IdentifyCoursesTest@239963d8]" name="formTest" duration-ms="16568" started-at="2020-10-05T07:57:17Z" data-provider="getData" finished-at="2020-10-05T07:57:33Z">
          <params>
            <param index="0">
              <value>
                <![CDATA[{Comment=Invalid Email, InstitutionStrength=1001-5000, CourseraUsersCount=1001-5000, InstitutionType=Government, Email=abcd, JobTitle=QAE, PageTitle=Coursera for Campus | Online Learning Platform for Universities, LastName=Kamenov, InstitutionName=xyz , FirstName=Viktor, State=Tamil Nadu, Country=India, PhoneNo=987-654-3210}]]>
              </value>
            </param>
          </params>
          <reporter-output>
          </reporter-output>
        </test-method> <!-- formTest -->
        <test-method status="PASS" signature="formTest(java.util.Hashtable)[pri:1, instance:TestCases.IdentifyCoursesTest@239963d8]" name="formTest" duration-ms="16557" started-at="2020-10-05T07:57:33Z" data-provider="getData" finished-at="2020-10-05T07:57:50Z">
          <params>
            <param index="0">
              <value>
                <![CDATA[{Comment=Empty JobTitle, InstitutionStrength=1001-5000, CourseraUsersCount=1001-5000, InstitutionType=Government, Email=ab@cd.com, JobTitle=___, PageTitle=Coursera for Campus | Online Learning Platform for Universities, LastName=Kamenov, InstitutionName=xyz , FirstName=Viktor, State=Tamil Nadu, Country=India, PhoneNo=987-654-3210}]]>
              </value>
            </param>
          </params>
          <reporter-output>
          </reporter-output>
        </test-method> <!-- formTest -->
        <test-method status="PASS" signature="formTest(java.util.Hashtable)[pri:1, instance:TestCases.IdentifyCoursesTest@239963d8]" name="formTest" duration-ms="12563" started-at="2020-10-05T07:57:50Z" data-provider="getData" finished-at="2020-10-05T07:58:02Z">
          <params>
            <param index="0">
              <value>
                <![CDATA[{Comment=Empty PhoneNo, InstitutionStrength=1001-5000, CourseraUsersCount=1001-5000, InstitutionType=Government, Email=ab@cd.com, JobTitle=QAE, PageTitle=Coursera for Campus | Online Learning Platform for Universities, LastName=Kamenov, InstitutionName=xyz , FirstName=Viktor, State=Tamil Nadu, Country=India, PhoneNo=___}]]>
              </value>
            </param>
          </params>
          <reporter-output>
          </reporter-output>
        </test-method> <!-- formTest -->
        <test-method status="FAIL" signature="formTest(java.util.Hashtable)[pri:1, instance:TestCases.IdentifyCoursesTest@239963d8]" name="formTest" duration-ms="28055" started-at="2020-10-05T07:58:02Z" data-provider="getData" finished-at="2020-10-05T07:58:30Z">
          <params>
            <param index="0">
              <value>
                <![CDATA[{Comment=Invalid PhoneNo, InstitutionStrength=1001-5000, CourseraUsersCount=1001-5000, InstitutionType=Government, Email=ab@cd.com, JobTitle=QAE, PageTitle=Coursera for Campus | Online Learning Platform for Universities, LastName=Kamenov, InstitutionName=xyz , FirstName=Viktor, State=Tamil Nadu, Country=India, PhoneNo=987-65}]]>
              </value>
            </param>
          </params>
          <exception class="java.lang.AssertionError">
            <message>
              <![CDATA[Error message NOT displayed, which is a failure!]]>
            </message>
            <full-stacktrace>
              <![CDATA[java.lang.AssertionError: Error message NOT displayed, which is a failure!
at org.testng.Assert.fail(Assert.java:96)
at BaseClasses.BaseTestClass.reportFail(BaseTestClass.java:174)
at PageClasses.CourseraForCampusPage.fillAndSubmitForm(CourseraForCampusPage.java:117)
at TestCases.IdentifyCoursesTest.formTest(IdentifyCoursesTest.java:66)
at sun.reflect.NativeMethodAccessorImpl.invoke0(Native Method)
at sun.reflect.NativeMethodAccessorImpl.invoke(NativeMethodAccessorImpl.java:62)
at sun.reflect.DelegatingMethodAccessorImpl.invoke(DelegatingMethodAccessorImpl.java:43)
at java.lang.reflect.Method.invoke(Method.java:498)
at org.testng.internal.MethodInvocationHelper.invokeMethod(MethodInvocationHelper.java:124)
at org.testng.internal.Invoker.invokeMethod(Invoker.java:583)
at org.testng.internal.Invoker.invokeTestMethod(Invoker.java:719)
at org.testng.internal.Invoker.invokeTestMethods(Invoker.java:989)
at org.testng.internal.TestMethodWorker.invokeTestMethods(TestMethodWorker.java:125)
at org.testng.internal.TestMethodWorker.run(TestMethodWorker.java:109)
at org.testng.TestRunner.privateRun(TestRunner.java:648)
at org.testng.TestRunner.run(TestRunner.java:505)
at org.testng.SuiteRunner.runTest(SuiteRunner.java:455)
at org.testng.SuiteRunner.access$000(SuiteRunner.java:40)
at org.testng.SuiteRunner$SuiteWorker.run(SuiteRunner.java:489)
at org.testng.internal.thread.ThreadUtil$1.call(ThreadUtil.java:52)
at java.util.concurrent.FutureTask.run(FutureTask.java:266)
at java.util.concurrent.ThreadPoolExecutor.runWorker(ThreadPoolExecutor.java:1149)
at java.util.concurrent.ThreadPoolExecutor$Worker.run(ThreadPoolExecutor.java:624)
at java.lang.Thread.run(Thread.java:748)
]]>
            </full-stacktrace>
          </exception> <!-- java.lang.AssertionError -->
          <reporter-output>
          </reporter-output>
        </test-method> <!-- formTest -->
        <test-method status="FAIL" signature="formTest(java.util.Hashtable)[pri:1, instance:TestCases.IdentifyCoursesTest@239963d8]" name="formTest" duration-ms="29122" started-at="2020-10-05T07:58:30Z" data-provider="getData" finished-at="2020-10-05T07:59:00Z">
          <params>
            <param index="0">
              <value>
                <![CDATA[{Comment=Invalid PhoneNo, InstitutionStrength=1001-5000, CourseraUsersCount=1001-5000, InstitutionType=Government, Email=ab@cd.com, JobTitle=QAE, PageTitle=Coursera for Campus | Online Learning Platform for Universities, LastName=Kamenov, InstitutionName=xyz , FirstName=Viktor, State=Tamil Nadu, Country=India, PhoneNo=((((}]]>
              </value>
            </param>
          </params>
          <exception class="java.lang.AssertionError">
            <message>
              <![CDATA[Error message NOT displayed, which is a failure!]]>
            </message>
            <full-stacktrace>
              <![CDATA[java.lang.AssertionError: Error message NOT displayed, which is a failure!
at org.testng.Assert.fail(Assert.java:96)
at BaseClasses.BaseTestClass.reportFail(BaseTestClass.java:174)
at PageClasses.CourseraForCampusPage.fillAndSubmitForm(CourseraForCampusPage.java:117)
at TestCases.IdentifyCoursesTest.formTest(IdentifyCoursesTest.java:66)
at sun.reflect.GeneratedMethodAccessor8.invoke(Unknown Source)
at sun.reflect.DelegatingMethodAccessorImpl.invoke(DelegatingMethodAccessorImpl.java:43)
at java.lang.reflect.Method.invoke(Method.java:498)
at org.testng.internal.MethodInvocationHelper.invokeMethod(MethodInvocationHelper.java:124)
at org.testng.internal.Invoker.invokeMethod(Invoker.java:583)
at org.testng.internal.Invoker.invokeTestMethod(Invoker.java:719)
at org.testng.internal.Invoker.invokeTestMethods(Invoker.java:989)
at org.testng.internal.TestMethodWorker.invokeTestMethods(TestMethodWorker.java:125)
at org.testng.internal.TestMethodWorker.run(TestMethodWorker.java:109)
at org.testng.TestRunner.privateRun(TestRunner.java:648)
at org.testng.TestRunner.run(TestRunner.java:505)
at org.testng.SuiteRunner.runTest(SuiteRunner.java:455)
at org.testng.SuiteRunner.access$000(SuiteRunner.java:40)
at org.testng.SuiteRunner$SuiteWorker.run(SuiteRunner.java:489)
at org.testng.internal.thread.ThreadUtil$1.call(ThreadUtil.java:52)
at java.util.concurrent.FutureTask.run(FutureTask.java:266)
at java.util.concurrent.ThreadPoolExecutor.runWorker(ThreadPoolExecutor.java:1149)
at java.util.concurrent.ThreadPoolExecutor$Worker.run(ThreadPoolExecutor.java:624)
at java.lang.Thread.run(Thread.java:748)
]]>
            </full-stacktrace>
          </exception> <!-- java.lang.AssertionError -->
          <reporter-output>
          </reporter-output>
        </test-method> <!-- formTest -->
        <test-method status="FAIL" signature="formTest(java.util.Hashtable)[pri:1, instance:TestCases.IdentifyCoursesTest@239963d8]" name="formTest" duration-ms="33995" started-at="2020-10-05T07:59:00Z" data-provider="getData" finished-at="2020-10-05T07:59:34Z">
          <params>
            <param index="0">
              <value>
                <![CDATA[{Comment=Invalid PhoneNo, InstitutionStrength=1001-5000, CourseraUsersCount=1001-5000, InstitutionType=Government, Email=ab@cd.com, JobTitle=QAE, PageTitle=Coursera for Campus | Online Learning Platform for Universities, LastName=Kamenov, InstitutionName=xyz , FirstName=Viktor, State=Tamil Nadu, Country=India, PhoneNo=))))}]]>
              </value>
            </param>
          </params>
          <exception class="java.lang.AssertionError">
            <message>
              <![CDATA[Error message NOT displayed, which is a failure!]]>
            </message>
            <full-stacktrace>
              <![CDATA[java.lang.AssertionError: Error message NOT displayed, which is a failure!
at org.testng.Assert.fail(Assert.java:96)
at BaseClasses.BaseTestClass.reportFail(BaseTestClass.java:174)
at PageClasses.CourseraForCampusPage.fillAndSubmitForm(CourseraForCampusPage.java:117)
at TestCases.IdentifyCoursesTest.formTest(IdentifyCoursesTest.java:66)
at sun.reflect.GeneratedMethodAccessor8.invoke(Unknown Source)
at sun.reflect.DelegatingMethodAccessorImpl.invoke(DelegatingMethodAccessorImpl.java:43)
at java.lang.reflect.Method.invoke(Method.java:498)
at org.testng.internal.MethodInvocationHelper.invokeMethod(MethodInvocationHelper.java:124)
at org.testng.internal.Invoker.invokeMethod(Invoker.java:583)
at org.testng.internal.Invoker.invokeTestMethod(Invoker.java:719)
at org.testng.internal.Invoker.invokeTestMethods(Invoker.java:989)
at org.testng.internal.TestMethodWorker.invokeTestMethods(TestMethodWorker.java:125)
at org.testng.internal.TestMethodWorker.run(TestMethodWorker.java:109)
at org.testng.TestRunner.privateRun(TestRunner.java:648)
at org.testng.TestRunner.run(TestRunner.java:505)
at org.testng.SuiteRunner.runTest(SuiteRunner.java:455)
at org.testng.SuiteRunner.access$000(SuiteRunner.java:40)
at org.testng.SuiteRunner$SuiteWorker.run(SuiteRunner.java:489)
at org.testng.internal.thread.ThreadUtil$1.call(ThreadUtil.java:52)
at java.util.concurrent.FutureTask.run(FutureTask.java:266)
at java.util.concurrent.ThreadPoolExecutor.runWorker(ThreadPoolExecutor.java:1149)
at java.util.concurrent.ThreadPoolExecutor$Worker.run(ThreadPoolExecutor.java:624)
at java.lang.Thread.run(Thread.java:748)
]]>
            </full-stacktrace>
          </exception> <!-- java.lang.AssertionError -->
          <reporter-output>
          </reporter-output>
        </test-method> <!-- formTest -->
        <test-method status="FAIL" signature="formTest(java.util.Hashtable)[pri:1, instance:TestCases.IdentifyCoursesTest@239963d8]" name="formTest" duration-ms="93477" started-at="2020-10-05T07:59:34Z" data-provider="getData" finished-at="2020-10-05T08:01:07Z">
          <params>
            <param index="0">
              <value>
                <![CDATA[{Comment=Invalid PhoneNo, InstitutionStrength=1001-5000, CourseraUsersCount=1001-5000, InstitutionType=Government, Email=ab@cd.com, JobTitle=QAE, PageTitle=Coursera for Campus | Online Learning Platform for Universities, LastName=Kamenov, InstitutionName=xyz , FirstName=Viktor, State=Tamil Nadu, Country=India, PhoneNo=98----}]]>
              </value>
            </param>
          </params>
          <exception class="java.lang.AssertionError">
            <message>
              <![CDATA[Error message NOT displayed, which is a failure!]]>
            </message>
            <full-stacktrace>
              <![CDATA[java.lang.AssertionError: Error message NOT displayed, which is a failure!
at org.testng.Assert.fail(Assert.java:96)
at BaseClasses.BaseTestClass.reportFail(BaseTestClass.java:174)
at PageClasses.CourseraForCampusPage.fillAndSubmitForm(CourseraForCampusPage.java:117)
at TestCases.IdentifyCoursesTest.formTest(IdentifyCoursesTest.java:66)
at sun.reflect.GeneratedMethodAccessor8.invoke(Unknown Source)
at sun.reflect.DelegatingMethodAccessorImpl.invoke(DelegatingMethodAccessorImpl.java:43)
at java.lang.reflect.Method.invoke(Method.java:498)
at org.testng.internal.MethodInvocationHelper.invokeMethod(MethodInvocationHelper.java:124)
at org.testng.internal.Invoker.invokeMethod(Invoker.java:583)
at org.testng.internal.Invoker.invokeTestMethod(Invoker.java:719)
at org.testng.internal.Invoker.invokeTestMethods(Invoker.java:989)
at org.testng.internal.TestMethodWorker.invokeTestMethods(TestMethodWorker.java:125)
at org.testng.internal.TestMethodWorker.run(TestMethodWorker.java:109)
at org.testng.TestRunner.privateRun(TestRunner.java:648)
at org.testng.TestRunner.run(TestRunner.java:505)
at org.testng.SuiteRunner.runTest(SuiteRunner.java:455)
at org.testng.SuiteRunner.access$000(SuiteRunner.java:40)
at org.testng.SuiteRunner$SuiteWorker.run(SuiteRunner.java:489)
at org.testng.internal.thread.ThreadUtil$1.call(ThreadUtil.java:52)
at java.util.concurrent.FutureTask.run(FutureTask.java:266)
at java.util.concurrent.ThreadPoolExecutor.runWorker(ThreadPoolExecutor.java:1149)
at java.util.concurrent.ThreadPoolExecutor$Worker.run(ThreadPoolExecutor.java:624)
at java.lang.Thread.run(Thread.java:748)
]]>
            </full-stacktrace>
          </exception> <!-- java.lang.AssertionError -->
          <reporter-output>
          </reporter-output>
        </test-method> <!-- formTest -->
        <test-method status="FAIL" signature="formTest(java.util.Hashtable)[pri:1, instance:TestCases.IdentifyCoursesTest@239963d8]" name="formTest" duration-ms="25262" started-at="2020-10-05T08:01:07Z" data-provider="getData" finished-at="2020-10-05T08:01:32Z">
          <params>
            <param index="0">
              <value>
                <![CDATA[{Comment=Invalid PhoneNo, InstitutionStrength=1001-5000, CourseraUsersCount=1001-5000, InstitutionType=Government, Email=ab@cd.com, JobTitle=QAE, PageTitle=Coursera for Campus | Online Learning Platform for Universities, LastName=Kamenov, InstitutionName=xyz , FirstName=Viktor, State=Tamil Nadu, Country=India, PhoneNo=76++}]]>
              </value>
            </param>
          </params>
          <exception class="java.lang.AssertionError">
            <message>
              <![CDATA[Error message NOT displayed, which is a failure!]]>
            </message>
            <full-stacktrace>
              <![CDATA[java.lang.AssertionError: Error message NOT displayed, which is a failure!
at org.testng.Assert.fail(Assert.java:96)
at BaseClasses.BaseTestClass.reportFail(BaseTestClass.java:174)
at PageClasses.CourseraForCampusPage.fillAndSubmitForm(CourseraForCampusPage.java:117)
at TestCases.IdentifyCoursesTest.formTest(IdentifyCoursesTest.java:66)
at sun.reflect.GeneratedMethodAccessor8.invoke(Unknown Source)
at sun.reflect.DelegatingMethodAccessorImpl.invoke(DelegatingMethodAccessorImpl.java:43)
at java.lang.reflect.Method.invoke(Method.java:498)
at org.testng.internal.MethodInvocationHelper.invokeMethod(MethodInvocationHelper.java:124)
at org.testng.internal.Invoker.invokeMethod(Invoker.java:583)
at org.testng.internal.Invoker.invokeTestMethod(Invoker.java:719)
at org.testng.internal.Invoker.invokeTestMethods(Invoker.java:989)
at org.testng.internal.TestMethodWorker.invokeTestMethods(TestMethodWorker.java:125)
at org.testng.internal.TestMethodWorker.run(TestMethodWorker.java:109)
at org.testng.TestRunner.privateRun(TestRunner.java:648)
at org.testng.TestRunner.run(TestRunner.java:505)
at org.testng.SuiteRunner.runTest(SuiteRunner.java:455)
at org.testng.SuiteRunner.access$000(SuiteRunner.java:40)
at org.testng.SuiteRunner$SuiteWorker.run(SuiteRunner.java:489)
at org.testng.internal.thread.ThreadUtil$1.call(ThreadUtil.java:52)
at java.util.concurrent.FutureTask.run(FutureTask.java:266)
at java.util.concurrent.ThreadPoolExecutor.runWorker(ThreadPoolExecutor.java:1149)
at java.util.concurrent.ThreadPoolExecutor$Worker.run(ThreadPoolExecutor.java:624)
at java.lang.Thread.run(Thread.java:748)
]]>
            </full-stacktrace>
          </exception> <!-- java.lang.AssertionError -->
          <reporter-output>
          </reporter-output>
        </test-method> <!-- formTest -->
        <test-method status="FAIL" signature="formTest(java.util.Hashtable)[pri:1, instance:TestCases.IdentifyCoursesTest@239963d8]" name="formTest" duration-ms="20144" started-at="2020-10-05T08:01:32Z" data-provider="getData" finished-at="2020-10-05T08:01:52Z">
          <params>
            <param index="0">
              <value>
                <![CDATA[{Comment=Invalid PhoneNo, InstitutionStrength=1001-5000, CourseraUsersCount=1001-5000, InstitutionType=Government, Email=ab@cd.com, JobTitle=QAE, PageTitle=Coursera for Campus | Online Learning Platform for Universities, LastName=Kamenov, InstitutionName=xyz , FirstName=Viktor, State=Tamil Nadu, Country=India, PhoneNo=54...}]]>
              </value>
            </param>
          </params>
          <exception class="java.lang.AssertionError">
            <message>
              <![CDATA[Error message NOT displayed, which is a failure!]]>
            </message>
            <full-stacktrace>
              <![CDATA[java.lang.AssertionError: Error message NOT displayed, which is a failure!
at org.testng.Assert.fail(Assert.java:96)
at BaseClasses.BaseTestClass.reportFail(BaseTestClass.java:174)
at PageClasses.CourseraForCampusPage.fillAndSubmitForm(CourseraForCampusPage.java:117)
at TestCases.IdentifyCoursesTest.formTest(IdentifyCoursesTest.java:66)
at sun.reflect.GeneratedMethodAccessor8.invoke(Unknown Source)
at sun.reflect.DelegatingMethodAccessorImpl.invoke(DelegatingMethodAccessorImpl.java:43)
at java.lang.reflect.Method.invoke(Method.java:498)
at org.testng.internal.MethodInvocationHelper.invokeMethod(MethodInvocationHelper.java:124)
at org.testng.internal.Invoker.invokeMethod(Invoker.java:583)
at org.testng.internal.Invoker.invokeTestMethod(Invoker.java:719)
at org.testng.internal.Invoker.invokeTestMethods(Invoker.java:989)
at org.testng.internal.TestMethodWorker.invokeTestMethods(TestMethodWorker.java:125)
at org.testng.internal.TestMethodWorker.run(TestMethodWorker.java:109)
at org.testng.TestRunner.privateRun(TestRunner.java:648)
at org.testng.TestRunner.run(TestRunner.java:505)
at org.testng.SuiteRunner.runTest(SuiteRunner.java:455)
at org.testng.SuiteRunner.access$000(SuiteRunner.java:40)
at org.testng.SuiteRunner$SuiteWorker.run(SuiteRunner.java:489)
at org.testng.internal.thread.ThreadUtil$1.call(ThreadUtil.java:52)
at java.util.concurrent.FutureTask.run(FutureTask.java:266)
at java.util.concurrent.ThreadPoolExecutor.runWorker(ThreadPoolExecutor.java:1149)
at java.util.concurrent.ThreadPoolExecutor$Worker.run(ThreadPoolExecutor.java:624)
at java.lang.Thread.run(Thread.java:748)
]]>
            </full-stacktrace>
          </exception> <!-- java.lang.AssertionError -->
          <reporter-output>
          </reporter-output>
        </test-method> <!-- formTest -->
        <test-method status="FAIL" signature="formTest(java.util.Hashtable)[pri:1, instance:TestCases.IdentifyCoursesTest@239963d8]" name="formTest" duration-ms="20643" started-at="2020-10-05T08:01:52Z" data-provider="getData" finished-at="2020-10-05T08:02:13Z">
          <params>
            <param index="0">
              <value>
                <![CDATA[{Comment=Invalid PhoneNo, InstitutionStrength=1001-5000, CourseraUsersCount=1001-5000, InstitutionType=Government, Email=ab@cd.com, JobTitle=QAE, PageTitle=Coursera for Campus | Online Learning Platform for Universities, LastName=Kamenov, InstitutionName=xyz , FirstName=Viktor, State=Tamil Nadu, Country=India, PhoneNo=(321)-+.}]]>
              </value>
            </param>
          </params>
          <exception class="java.lang.AssertionError">
            <message>
              <![CDATA[Error message NOT displayed, which is a failure!]]>
            </message>
            <full-stacktrace>
              <![CDATA[java.lang.AssertionError: Error message NOT displayed, which is a failure!
at org.testng.Assert.fail(Assert.java:96)
at BaseClasses.BaseTestClass.reportFail(BaseTestClass.java:174)
at PageClasses.CourseraForCampusPage.fillAndSubmitForm(CourseraForCampusPage.java:117)
at TestCases.IdentifyCoursesTest.formTest(IdentifyCoursesTest.java:66)
at sun.reflect.GeneratedMethodAccessor8.invoke(Unknown Source)
at sun.reflect.DelegatingMethodAccessorImpl.invoke(DelegatingMethodAccessorImpl.java:43)
at java.lang.reflect.Method.invoke(Method.java:498)
at org.testng.internal.MethodInvocationHelper.invokeMethod(MethodInvocationHelper.java:124)
at org.testng.internal.Invoker.invokeMethod(Invoker.java:583)
at org.testng.internal.Invoker.invokeTestMethod(Invoker.java:719)
at org.testng.internal.Invoker.invokeTestMethods(Invoker.java:989)
at org.testng.internal.TestMethodWorker.invokeTestMethods(TestMethodWorker.java:125)
at org.testng.internal.TestMethodWorker.run(TestMethodWorker.java:109)
at org.testng.TestRunner.privateRun(TestRunner.java:648)
at org.testng.TestRunner.run(TestRunner.java:505)
at org.testng.SuiteRunner.runTest(SuiteRunner.java:455)
at org.testng.SuiteRunner.access$000(SuiteRunner.java:40)
at org.testng.SuiteRunner$SuiteWorker.run(SuiteRunner.java:489)
at org.testng.internal.thread.ThreadUtil$1.call(ThreadUtil.java:52)
at java.util.concurrent.FutureTask.run(FutureTask.java:266)
at java.util.concurrent.ThreadPoolExecutor.runWorker(ThreadPoolExecutor.java:1149)
at java.util.concurrent.ThreadPoolExecutor$Worker.run(ThreadPoolExecutor.java:624)
at java.lang.Thread.run(Thread.java:748)
]]>
            </full-stacktrace>
          </exception> <!-- java.lang.AssertionError -->
          <reporter-output>
          </reporter-output>
        </test-method> <!-- formTest -->
        <test-method status="PASS" signature="formTest(java.util.Hashtable)[pri:1, instance:TestCases.IdentifyCoursesTest@239963d8]" name="formTest" duration-ms="10013" started-at="2020-10-05T08:02:13Z" data-provider="getData" finished-at="2020-10-05T08:02:23Z">
          <params>
            <param index="0">
              <value>
                <![CDATA[{Comment=Empty InstitutionName, InstitutionStrength=1001-5000, CourseraUsersCount=1001-5000, InstitutionType=Government, Email=ab@cd.com, JobTitle=QAE, PageTitle=Coursera for Campus | Online Learning Platform for Universities, LastName=Kamenov, InstitutionName=___, FirstName=Viktor, State=Tamil Nadu, Country=India, PhoneNo=987-654-3210}]]>
              </value>
            </param>
          </params>
          <reporter-output>
          </reporter-output>
        </test-method> <!-- formTest -->
        <test-method status="PASS" signature="formTest(java.util.Hashtable)[pri:1, instance:TestCases.IdentifyCoursesTest@239963d8]" name="formTest" duration-ms="9368" started-at="2020-10-05T08:02:23Z" data-provider="getData" finished-at="2020-10-05T08:02:33Z">
          <params>
            <param index="0">
              <value>
                <![CDATA[{Comment=No selection in InstitutionType, InstitutionStrength=1001-5000, CourseraUsersCount=1001-5000, InstitutionType=___, Email=ab@cd.com, JobTitle=QAE, PageTitle=Coursera for Campus | Online Learning Platform for Universities, LastName=Kamenov, InstitutionName=xyz , FirstName=Viktor, State=Tamil Nadu, Country=India, PhoneNo=987-654-3210}]]>
              </value>
            </param>
          </params>
          <reporter-output>
          </reporter-output>
        </test-method> <!-- formTest -->
        <test-method status="PASS" signature="formTest(java.util.Hashtable)[pri:1, instance:TestCases.IdentifyCoursesTest@239963d8]" name="formTest" duration-ms="9480" started-at="2020-10-05T08:02:33Z" data-provider="getData" finished-at="2020-10-05T08:02:42Z">
          <params>
            <param index="0">
              <value>
                <![CDATA[{Comment=No selection in InstitutionStrength, InstitutionStrength=___, CourseraUsersCount=1001-5000, InstitutionType=Government, Email=ab@cd.com, JobTitle=QAE, PageTitle=Coursera for Campus | Online Learning Platform for Universities, LastName=Kamenov, InstitutionName=xyz , FirstName=Viktor, State=Tamil Nadu, Country=India, PhoneNo=987-654-3210}]]>
              </value>
            </param>
          </params>
          <reporter-output>
          </reporter-output>
        </test-method> <!-- formTest -->
        <test-method status="PASS" signature="formTest(java.util.Hashtable)[pri:1, instance:TestCases.IdentifyCoursesTest@239963d8]" name="formTest" duration-ms="9918" started-at="2020-10-05T08:02:42Z" data-provider="getData" finished-at="2020-10-05T08:02:52Z">
          <params>
            <param index="0">
              <value>
                <![CDATA[{Comment=No selection in CourseraUsersCount, InstitutionStrength=1001-5000, CourseraUsersCount=___, InstitutionType=Government, Email=ab@cd.com, JobTitle=QAE, PageTitle=Coursera for Campus | Online Learning Platform for Universities, LastName=Kamenov, InstitutionName=xyz , FirstName=Viktor, State=Tamil Nadu, Country=India, PhoneNo=987-654-3210}]]>
              </value>
            </param>
          </params>
          <reporter-output>
          </reporter-output>
        </test-method> <!-- formTest -->
        <test-method status="PASS" signature="formTest(java.util.Hashtable)[pri:1, instance:TestCases.IdentifyCoursesTest@239963d8]" name="formTest" duration-ms="14676" started-at="2020-10-05T08:02:52Z" data-provider="getData" finished-at="2020-10-05T08:03:07Z">
          <params>
            <param index="0">
              <value>
                <![CDATA[{Comment=No selection in Country, InstitutionStrength=1001-5000, CourseraUsersCount=1001-5000, InstitutionType=Government, Email=ab@cd.com, JobTitle=QAE, PageTitle=Coursera for Campus | Online Learning Platform for Universities, LastName=Kamenov, InstitutionName=xyz , FirstName=Viktor, State=___, Country=___, PhoneNo=987-654-3210}]]>
              </value>
            </param>
          </params>
          <reporter-output>
          </reporter-output>
        </test-method> <!-- formTest -->
        <test-method status="PASS" signature="formTest(java.util.Hashtable)[pri:1, instance:TestCases.IdentifyCoursesTest@239963d8]" name="formTest" duration-ms="9377" started-at="2020-10-05T08:03:07Z" data-provider="getData" finished-at="2020-10-05T08:03:16Z">
          <params>
            <param index="0">
              <value>
                <![CDATA[{Comment=No selection in State, InstitutionStrength=1001-5000, CourseraUsersCount=1001-5000, InstitutionType=Government, Email=ab@cd.com, JobTitle=QAE, PageTitle=Coursera for Campus | Online Learning Platform for Universities, LastName=Kamenov, InstitutionName=xyz , FirstName=Viktor, State=___, Country=India, PhoneNo=987-654-3210}]]>
              </value>
            </param>
          </params>
          <reporter-output>
          </reporter-output>
        </test-method> <!-- formTest -->
        <test-method status="PASS" signature="quitBrowser()[pri:0, instance:TestCases.IdentifyCoursesTest@239963d8]" name="quitBrowser" is-config="true" duration-ms="1190" started-at="2020-10-05T08:03:16Z" finished-at="2020-10-05T08:03:17Z">
          <reporter-output>
          </reporter-output>
        </test-method> <!-- quitBrowser -->
      </class> <!-- TestCases.IdentifyCoursesTest -->
    </test> <!-- Identify Courses in Chrome -->
    <test name="Identify Courses in Firefox" duration-ms="550167" started-at="2020-10-05T07:54:54Z" finished-at="2020-10-05T08:04:04Z">
      <class name="TestCases.IdentifyCoursesTest">
        <test-method status="PASS" signature="loadProperties()[pri:0, instance:TestCases.IdentifyCoursesTest@6adede5]" name="loadProperties" is-config="true" duration-ms="337" started-at="2020-10-05T07:54:54Z" finished-at="2020-10-05T07:54:54Z">
          <reporter-output>
          </reporter-output>
        </test-method> <!-- loadProperties -->
        <test-method status="PASS" signature="searchTest(java.lang.String)[pri:0, instance:TestCases.IdentifyCoursesTest@6adede5]" name="searchTest" duration-ms="109004" started-at="2020-10-05T07:54:54Z" finished-at="2020-10-05T07:56:43Z">
          <params>
            <param index="0">
              <value>
                <![CDATA[Firefox]]>
              </value>
            </param>
          </params>
          <reporter-output>
          </reporter-output>
        </test-method> <!-- searchTest -->
        <test-method status="PASS" signature="formTest(java.util.Hashtable)[pri:1, instance:TestCases.IdentifyCoursesTest@6adede5]" name="formTest" duration-ms="21055" started-at="2020-10-05T07:56:43Z" data-provider="getData" finished-at="2020-10-05T07:57:04Z">
          <params>
            <param index="0">
              <value>
                <![CDATA[{Comment=Empty FirstName, InstitutionStrength=1001-5000, CourseraUsersCount=1001-5000, InstitutionType=Government, Email=ab@cd.com, JobTitle=QAE, PageTitle=Coursera for Campus | Online Learning Platform for Universities, LastName=Kamenov, InstitutionName=xyz , FirstName=___, State=Tamil Nadu, Country=India, PhoneNo=987-654-3210}]]>
              </value>
            </param>
          </params>
          <reporter-output>
          </reporter-output>
        </test-method> <!-- formTest -->
        <test-method status="PASS" signature="formTest(java.util.Hashtable)[pri:1, instance:TestCases.IdentifyCoursesTest@6adede5]" name="formTest" duration-ms="24828" started-at="2020-10-05T07:57:04Z" data-provider="getData" finished-at="2020-10-05T07:57:29Z">
          <params>
            <param index="0">
              <value>
                <![CDATA[{Comment=Empty LastName, InstitutionStrength=1001-5000, CourseraUsersCount=1001-5000, InstitutionType=Government, Email=ab@cd.com, JobTitle=QAE, PageTitle=Coursera for Campus | Online Learning Platform for Universities, LastName=___, InstitutionName=xyz , FirstName=Viktor, State=Tamil Nadu, Country=India, PhoneNo=987-654-3210}]]>
              </value>
            </param>
          </params>
          <reporter-output>
          </reporter-output>
        </test-method> <!-- formTest -->
        <test-method status="PASS" signature="formTest(java.util.Hashtable)[pri:1, instance:TestCases.IdentifyCoursesTest@6adede5]" name="formTest" duration-ms="25617" started-at="2020-10-05T07:57:29Z" data-provider="getData" finished-at="2020-10-05T07:57:55Z">
          <params>
            <param index="0">
              <value>
                <![CDATA[{Comment=Empty Email, InstitutionStrength=1001-5000, CourseraUsersCount=1001-5000, InstitutionType=Government, Email=___, JobTitle=QAE, PageTitle=Coursera for Campus | Online Learning Platform for Universities, LastName=Kamenov, InstitutionName=xyz , FirstName=Viktor, State=Tamil Nadu, Country=India, PhoneNo=987-654-3210}]]>
              </value>
            </param>
          </params>
          <reporter-output>
          </reporter-output>
        </test-method> <!-- formTest -->
        <test-method status="PASS" signature="formTest(java.util.Hashtable)[pri:1, instance:TestCases.IdentifyCoursesTest@6adede5]" name="formTest" duration-ms="21905" started-at="2020-10-05T07:57:55Z" data-provider="getData" finished-at="2020-10-05T07:58:17Z">
          <params>
            <param index="0">
              <value>
                <![CDATA[{Comment=Invalid Email, InstitutionStrength=1001-5000, CourseraUsersCount=1001-5000, InstitutionType=Government, Email=abcd, JobTitle=QAE, PageTitle=Coursera for Campus | Online Learning Platform for Universities, LastName=Kamenov, InstitutionName=xyz , FirstName=Viktor, State=Tamil Nadu, Country=India, PhoneNo=987-654-3210}]]>
              </value>
            </param>
          </params>
          <reporter-output>
          </reporter-output>
        </test-method> <!-- formTest -->
        <test-method status="PASS" signature="formTest(java.util.Hashtable)[pri:1, instance:TestCases.IdentifyCoursesTest@6adede5]" name="formTest" duration-ms="19797" started-at="2020-10-05T07:58:17Z" data-provider="getData" finished-at="2020-10-05T07:58:36Z">
          <params>
            <param index="0">
              <value>
                <![CDATA[{Comment=Empty JobTitle, InstitutionStrength=1001-5000, CourseraUsersCount=1001-5000, InstitutionType=Government, Email=ab@cd.com, JobTitle=___, PageTitle=Coursera for Campus | Online Learning Platform for Universities, LastName=Kamenov, InstitutionName=xyz , FirstName=Viktor, State=Tamil Nadu, Country=India, PhoneNo=987-654-3210}]]>
              </value>
            </param>
          </params>
          <reporter-output>
          </reporter-output>
        </test-method> <!-- formTest -->
        <test-method status="PASS" signature="formTest(java.util.Hashtable)[pri:1, instance:TestCases.IdentifyCoursesTest@6adede5]" name="formTest" duration-ms="19489" started-at="2020-10-05T07:58:36Z" data-provider="getData" finished-at="2020-10-05T07:58:56Z">
          <params>
            <param index="0">
              <value>
                <![CDATA[{Comment=Empty PhoneNo, InstitutionStrength=1001-5000, CourseraUsersCount=1001-5000, InstitutionType=Government, Email=ab@cd.com, JobTitle=QAE, PageTitle=Coursera for Campus | Online Learning Platform for Universities, LastName=Kamenov, InstitutionName=xyz , FirstName=Viktor, State=Tamil Nadu, Country=India, PhoneNo=___}]]>
              </value>
            </param>
          </params>
          <reporter-output>
          </reporter-output>
        </test-method> <!-- formTest -->
        <test-method status="FAIL" signature="formTest(java.util.Hashtable)[pri:1, instance:TestCases.IdentifyCoursesTest@6adede5]" name="formTest" duration-ms="74717" started-at="2020-10-05T07:58:56Z" data-provider="getData" finished-at="2020-10-05T08:00:11Z">
          <params>
            <param index="0">
              <value>
                <![CDATA[{Comment=Invalid PhoneNo, InstitutionStrength=1001-5000, CourseraUsersCount=1001-5000, InstitutionType=Government, Email=ab@cd.com, JobTitle=QAE, PageTitle=Coursera for Campus | Online Learning Platform for Universities, LastName=Kamenov, InstitutionName=xyz , FirstName=Viktor, State=Tamil Nadu, Country=India, PhoneNo=987-65}]]>
              </value>
            </param>
          </params>
          <exception class="java.lang.AssertionError">
            <message>
              <![CDATA[Error message NOT displayed, which is a failure!]]>
            </message>
            <full-stacktrace>
              <![CDATA[java.lang.AssertionError: Error message NOT displayed, which is a failure!
at org.testng.Assert.fail(Assert.java:96)
at BaseClasses.BaseTestClass.reportFail(BaseTestClass.java:174)
at PageClasses.CourseraForCampusPage.fillAndSubmitForm(CourseraForCampusPage.java:117)
at TestCases.IdentifyCoursesTest.formTest(IdentifyCoursesTest.java:66)
at sun.reflect.GeneratedMethodAccessor8.invoke(Unknown Source)
at sun.reflect.DelegatingMethodAccessorImpl.invoke(DelegatingMethodAccessorImpl.java:43)
at java.lang.reflect.Method.invoke(Method.java:498)
at org.testng.internal.MethodInvocationHelper.invokeMethod(MethodInvocationHelper.java:124)
at org.testng.internal.Invoker.invokeMethod(Invoker.java:583)
at org.testng.internal.Invoker.invokeTestMethod(Invoker.java:719)
at org.testng.internal.Invoker.invokeTestMethods(Invoker.java:989)
at org.testng.internal.TestMethodWorker.invokeTestMethods(TestMethodWorker.java:125)
at org.testng.internal.TestMethodWorker.run(TestMethodWorker.java:109)
at org.testng.TestRunner.privateRun(TestRunner.java:648)
at org.testng.TestRunner.run(TestRunner.java:505)
at org.testng.SuiteRunner.runTest(SuiteRunner.java:455)
at org.testng.SuiteRunner.access$000(SuiteRunner.java:40)
at org.testng.SuiteRunner$SuiteWorker.run(SuiteRunner.java:489)
at org.testng.internal.thread.ThreadUtil$1.call(ThreadUtil.java:52)
at java.util.concurrent.FutureTask.run(FutureTask.java:266)
at java.util.concurrent.ThreadPoolExecutor.runWorker(ThreadPoolExecutor.java:1149)
at java.util.concurrent.ThreadPoolExecutor$Worker.run(ThreadPoolExecutor.java:624)
at java.lang.Thread.run(Thread.java:748)
]]>
            </full-stacktrace>
          </exception> <!-- java.lang.AssertionError -->
          <reporter-output>
          </reporter-output>
        </test-method> <!-- formTest -->
        <test-method status="FAIL" signature="formTest(java.util.Hashtable)[pri:1, instance:TestCases.IdentifyCoursesTest@6adede5]" name="formTest" duration-ms="17651" started-at="2020-10-05T08:00:11Z" data-provider="getData" finished-at="2020-10-05T08:00:28Z">
          <params>
            <param index="0">
              <value>
                <![CDATA[{Comment=Invalid PhoneNo, InstitutionStrength=1001-5000, CourseraUsersCount=1001-5000, InstitutionType=Government, Email=ab@cd.com, JobTitle=QAE, PageTitle=Coursera for Campus | Online Learning Platform for Universities, LastName=Kamenov, InstitutionName=xyz , FirstName=Viktor, State=Tamil Nadu, Country=India, PhoneNo=((((}]]>
              </value>
            </param>
          </params>
          <exception class="java.lang.AssertionError">
            <message>
              <![CDATA[Error message NOT displayed, which is a failure!]]>
            </message>
            <full-stacktrace>
              <![CDATA[java.lang.AssertionError: Error message NOT displayed, which is a failure!
at org.testng.Assert.fail(Assert.java:96)
at BaseClasses.BaseTestClass.reportFail(BaseTestClass.java:174)
at PageClasses.CourseraForCampusPage.fillAndSubmitForm(CourseraForCampusPage.java:117)
at TestCases.IdentifyCoursesTest.formTest(IdentifyCoursesTest.java:66)
at sun.reflect.GeneratedMethodAccessor8.invoke(Unknown Source)
at sun.reflect.DelegatingMethodAccessorImpl.invoke(DelegatingMethodAccessorImpl.java:43)
at java.lang.reflect.Method.invoke(Method.java:498)
at org.testng.internal.MethodInvocationHelper.invokeMethod(MethodInvocationHelper.java:124)
at org.testng.internal.Invoker.invokeMethod(Invoker.java:583)
at org.testng.internal.Invoker.invokeTestMethod(Invoker.java:719)
at org.testng.internal.Invoker.invokeTestMethods(Invoker.java:989)
at org.testng.internal.TestMethodWorker.invokeTestMethods(TestMethodWorker.java:125)
at org.testng.internal.TestMethodWorker.run(TestMethodWorker.java:109)
at org.testng.TestRunner.privateRun(TestRunner.java:648)
at org.testng.TestRunner.run(TestRunner.java:505)
at org.testng.SuiteRunner.runTest(SuiteRunner.java:455)
at org.testng.SuiteRunner.access$000(SuiteRunner.java:40)
at org.testng.SuiteRunner$SuiteWorker.run(SuiteRunner.java:489)
at org.testng.internal.thread.ThreadUtil$1.call(ThreadUtil.java:52)
at java.util.concurrent.FutureTask.run(FutureTask.java:266)
at java.util.concurrent.ThreadPoolExecutor.runWorker(ThreadPoolExecutor.java:1149)
at java.util.concurrent.ThreadPoolExecutor$Worker.run(ThreadPoolExecutor.java:624)
at java.lang.Thread.run(Thread.java:748)
]]>
            </full-stacktrace>
          </exception> <!-- java.lang.AssertionError -->
          <reporter-output>
          </reporter-output>
        </test-method> <!-- formTest -->
        <test-method status="FAIL" signature="formTest(java.util.Hashtable)[pri:1, instance:TestCases.IdentifyCoursesTest@6adede5]" name="formTest" duration-ms="17453" started-at="2020-10-05T08:00:28Z" data-provider="getData" finished-at="2020-10-05T08:00:46Z">
          <params>
            <param index="0">
              <value>
                <![CDATA[{Comment=Invalid PhoneNo, InstitutionStrength=1001-5000, CourseraUsersCount=1001-5000, InstitutionType=Government, Email=ab@cd.com, JobTitle=QAE, PageTitle=Coursera for Campus | Online Learning Platform for Universities, LastName=Kamenov, InstitutionName=xyz , FirstName=Viktor, State=Tamil Nadu, Country=India, PhoneNo=))))}]]>
              </value>
            </param>
          </params>
          <exception class="java.lang.AssertionError">
            <message>
              <![CDATA[Error message NOT displayed, which is a failure!]]>
            </message>
            <full-stacktrace>
              <![CDATA[java.lang.AssertionError: Error message NOT displayed, which is a failure!
at org.testng.Assert.fail(Assert.java:96)
at BaseClasses.BaseTestClass.reportFail(BaseTestClass.java:174)
at PageClasses.CourseraForCampusPage.fillAndSubmitForm(CourseraForCampusPage.java:117)
at TestCases.IdentifyCoursesTest.formTest(IdentifyCoursesTest.java:66)
at sun.reflect.GeneratedMethodAccessor8.invoke(Unknown Source)
at sun.reflect.DelegatingMethodAccessorImpl.invoke(DelegatingMethodAccessorImpl.java:43)
at java.lang.reflect.Method.invoke(Method.java:498)
at org.testng.internal.MethodInvocationHelper.invokeMethod(MethodInvocationHelper.java:124)
at org.testng.internal.Invoker.invokeMethod(Invoker.java:583)
at org.testng.internal.Invoker.invokeTestMethod(Invoker.java:719)
at org.testng.internal.Invoker.invokeTestMethods(Invoker.java:989)
at org.testng.internal.TestMethodWorker.invokeTestMethods(TestMethodWorker.java:125)
at org.testng.internal.TestMethodWorker.run(TestMethodWorker.java:109)
at org.testng.TestRunner.privateRun(TestRunner.java:648)
at org.testng.TestRunner.run(TestRunner.java:505)
at org.testng.SuiteRunner.runTest(SuiteRunner.java:455)
at org.testng.SuiteRunner.access$000(SuiteRunner.java:40)
at org.testng.SuiteRunner$SuiteWorker.run(SuiteRunner.java:489)
at org.testng.internal.thread.ThreadUtil$1.call(ThreadUtil.java:52)
at java.util.concurrent.FutureTask.run(FutureTask.java:266)
at java.util.concurrent.ThreadPoolExecutor.runWorker(ThreadPoolExecutor.java:1149)
at java.util.concurrent.ThreadPoolExecutor$Worker.run(ThreadPoolExecutor.java:624)
at java.lang.Thread.run(Thread.java:748)
]]>
            </full-stacktrace>
          </exception> <!-- java.lang.AssertionError -->
          <reporter-output>
          </reporter-output>
        </test-method> <!-- formTest -->
        <test-method status="FAIL" signature="formTest(java.util.Hashtable)[pri:1, instance:TestCases.IdentifyCoursesTest@6adede5]" name="formTest" duration-ms="18605" started-at="2020-10-05T08:00:46Z" data-provider="getData" finished-at="2020-10-05T08:01:04Z">
          <params>
            <param index="0">
              <value>
                <![CDATA[{Comment=Invalid PhoneNo, InstitutionStrength=1001-5000, CourseraUsersCount=1001-5000, InstitutionType=Government, Email=ab@cd.com, JobTitle=QAE, PageTitle=Coursera for Campus | Online Learning Platform for Universities, LastName=Kamenov, InstitutionName=xyz , FirstName=Viktor, State=Tamil Nadu, Country=India, PhoneNo=98----}]]>
              </value>
            </param>
          </params>
          <exception class="java.lang.AssertionError">
            <message>
              <![CDATA[Error message NOT displayed, which is a failure!]]>
            </message>
            <full-stacktrace>
              <![CDATA[java.lang.AssertionError: Error message NOT displayed, which is a failure!
at org.testng.Assert.fail(Assert.java:96)
at BaseClasses.BaseTestClass.reportFail(BaseTestClass.java:174)
at PageClasses.CourseraForCampusPage.fillAndSubmitForm(CourseraForCampusPage.java:117)
at TestCases.IdentifyCoursesTest.formTest(IdentifyCoursesTest.java:66)
at sun.reflect.GeneratedMethodAccessor8.invoke(Unknown Source)
at sun.reflect.DelegatingMethodAccessorImpl.invoke(DelegatingMethodAccessorImpl.java:43)
at java.lang.reflect.Method.invoke(Method.java:498)
at org.testng.internal.MethodInvocationHelper.invokeMethod(MethodInvocationHelper.java:124)
at org.testng.internal.Invoker.invokeMethod(Invoker.java:583)
at org.testng.internal.Invoker.invokeTestMethod(Invoker.java:719)
at org.testng.internal.Invoker.invokeTestMethods(Invoker.java:989)
at org.testng.internal.TestMethodWorker.invokeTestMethods(TestMethodWorker.java:125)
at org.testng.internal.TestMethodWorker.run(TestMethodWorker.java:109)
at org.testng.TestRunner.privateRun(TestRunner.java:648)
at org.testng.TestRunner.run(TestRunner.java:505)
at org.testng.SuiteRunner.runTest(SuiteRunner.java:455)
at org.testng.SuiteRunner.access$000(SuiteRunner.java:40)
at org.testng.SuiteRunner$SuiteWorker.run(SuiteRunner.java:489)
at org.testng.internal.thread.ThreadUtil$1.call(ThreadUtil.java:52)
at java.util.concurrent.FutureTask.run(FutureTask.java:266)
at java.util.concurrent.ThreadPoolExecutor.runWorker(ThreadPoolExecutor.java:1149)
at java.util.concurrent.ThreadPoolExecutor$Worker.run(ThreadPoolExecutor.java:624)
at java.lang.Thread.run(Thread.java:748)
]]>
            </full-stacktrace>
          </exception> <!-- java.lang.AssertionError -->
          <reporter-output>
          </reporter-output>
        </test-method> <!-- formTest -->
        <test-method status="FAIL" signature="formTest(java.util.Hashtable)[pri:1, instance:TestCases.IdentifyCoursesTest@6adede5]" name="formTest" duration-ms="19194" started-at="2020-10-05T08:01:04Z" data-provider="getData" finished-at="2020-10-05T08:01:23Z">
          <params>
            <param index="0">
              <value>
                <![CDATA[{Comment=Invalid PhoneNo, InstitutionStrength=1001-5000, CourseraUsersCount=1001-5000, InstitutionType=Government, Email=ab@cd.com, JobTitle=QAE, PageTitle=Coursera for Campus | Online Learning Platform for Universities, LastName=Kamenov, InstitutionName=xyz , FirstName=Viktor, State=Tamil Nadu, Country=India, PhoneNo=76++}]]>
              </value>
            </param>
          </params>
          <exception class="java.lang.AssertionError">
            <message>
              <![CDATA[Error message NOT displayed, which is a failure!]]>
            </message>
            <full-stacktrace>
              <![CDATA[java.lang.AssertionError: Error message NOT displayed, which is a failure!
at org.testng.Assert.fail(Assert.java:96)
at BaseClasses.BaseTestClass.reportFail(BaseTestClass.java:174)
at PageClasses.CourseraForCampusPage.fillAndSubmitForm(CourseraForCampusPage.java:117)
at TestCases.IdentifyCoursesTest.formTest(IdentifyCoursesTest.java:66)
at sun.reflect.GeneratedMethodAccessor8.invoke(Unknown Source)
at sun.reflect.DelegatingMethodAccessorImpl.invoke(DelegatingMethodAccessorImpl.java:43)
at java.lang.reflect.Method.invoke(Method.java:498)
at org.testng.internal.MethodInvocationHelper.invokeMethod(MethodInvocationHelper.java:124)
at org.testng.internal.Invoker.invokeMethod(Invoker.java:583)
at org.testng.internal.Invoker.invokeTestMethod(Invoker.java:719)
at org.testng.internal.Invoker.invokeTestMethods(Invoker.java:989)
at org.testng.internal.TestMethodWorker.invokeTestMethods(TestMethodWorker.java:125)
at org.testng.internal.TestMethodWorker.run(TestMethodWorker.java:109)
at org.testng.TestRunner.privateRun(TestRunner.java:648)
at org.testng.TestRunner.run(TestRunner.java:505)
at org.testng.SuiteRunner.runTest(SuiteRunner.java:455)
at org.testng.SuiteRunner.access$000(SuiteRunner.java:40)
at org.testng.SuiteRunner$SuiteWorker.run(SuiteRunner.java:489)
at org.testng.internal.thread.ThreadUtil$1.call(ThreadUtil.java:52)
at java.util.concurrent.FutureTask.run(FutureTask.java:266)
at java.util.concurrent.ThreadPoolExecutor.runWorker(ThreadPoolExecutor.java:1149)
at java.util.concurrent.ThreadPoolExecutor$Worker.run(ThreadPoolExecutor.java:624)
at java.lang.Thread.run(Thread.java:748)
]]>
            </full-stacktrace>
          </exception> <!-- java.lang.AssertionError -->
          <reporter-output>
          </reporter-output>
        </test-method> <!-- formTest -->
        <test-method status="FAIL" signature="formTest(java.util.Hashtable)[pri:1, instance:TestCases.IdentifyCoursesTest@6adede5]" name="formTest" duration-ms="19815" started-at="2020-10-05T08:01:23Z" data-provider="getData" finished-at="2020-10-05T08:01:43Z">
          <params>
            <param index="0">
              <value>
                <![CDATA[{Comment=Invalid PhoneNo, InstitutionStrength=1001-5000, CourseraUsersCount=1001-5000, InstitutionType=Government, Email=ab@cd.com, JobTitle=QAE, PageTitle=Coursera for Campus | Online Learning Platform for Universities, LastName=Kamenov, InstitutionName=xyz , FirstName=Viktor, State=Tamil Nadu, Country=India, PhoneNo=54...}]]>
              </value>
            </param>
          </params>
          <exception class="java.lang.AssertionError">
            <message>
              <![CDATA[Error message NOT displayed, which is a failure!]]>
            </message>
            <full-stacktrace>
              <![CDATA[java.lang.AssertionError: Error message NOT displayed, which is a failure!
at org.testng.Assert.fail(Assert.java:96)
at BaseClasses.BaseTestClass.reportFail(BaseTestClass.java:174)
at PageClasses.CourseraForCampusPage.fillAndSubmitForm(CourseraForCampusPage.java:117)
at TestCases.IdentifyCoursesTest.formTest(IdentifyCoursesTest.java:66)
at sun.reflect.GeneratedMethodAccessor8.invoke(Unknown Source)
at sun.reflect.DelegatingMethodAccessorImpl.invoke(DelegatingMethodAccessorImpl.java:43)
at java.lang.reflect.Method.invoke(Method.java:498)
at org.testng.internal.MethodInvocationHelper.invokeMethod(MethodInvocationHelper.java:124)
at org.testng.internal.Invoker.invokeMethod(Invoker.java:583)
at org.testng.internal.Invoker.invokeTestMethod(Invoker.java:719)
at org.testng.internal.Invoker.invokeTestMethods(Invoker.java:989)
at org.testng.internal.TestMethodWorker.invokeTestMethods(TestMethodWorker.java:125)
at org.testng.internal.TestMethodWorker.run(TestMethodWorker.java:109)
at org.testng.TestRunner.privateRun(TestRunner.java:648)
at org.testng.TestRunner.run(TestRunner.java:505)
at org.testng.SuiteRunner.runTest(SuiteRunner.java:455)
at org.testng.SuiteRunner.access$000(SuiteRunner.java:40)
at org.testng.SuiteRunner$SuiteWorker.run(SuiteRunner.java:489)
at org.testng.internal.thread.ThreadUtil$1.call(ThreadUtil.java:52)
at java.util.concurrent.FutureTask.run(FutureTask.java:266)
at java.util.concurrent.ThreadPoolExecutor.runWorker(ThreadPoolExecutor.java:1149)
at java.util.concurrent.ThreadPoolExecutor$Worker.run(ThreadPoolExecutor.java:624)
at java.lang.Thread.run(Thread.java:748)
]]>
            </full-stacktrace>
          </exception> <!-- java.lang.AssertionError -->
          <reporter-output>
          </reporter-output>
        </test-method> <!-- formTest -->
        <test-method status="FAIL" signature="formTest(java.util.Hashtable)[pri:1, instance:TestCases.IdentifyCoursesTest@6adede5]" name="formTest" duration-ms="17958" started-at="2020-10-05T08:01:43Z" data-provider="getData" finished-at="2020-10-05T08:02:01Z">
          <params>
            <param index="0">
              <value>
                <![CDATA[{Comment=Invalid PhoneNo, InstitutionStrength=1001-5000, CourseraUsersCount=1001-5000, InstitutionType=Government, Email=ab@cd.com, JobTitle=QAE, PageTitle=Coursera for Campus | Online Learning Platform for Universities, LastName=Kamenov, InstitutionName=xyz , FirstName=Viktor, State=Tamil Nadu, Country=India, PhoneNo=(321)-+.}]]>
              </value>
            </param>
          </params>
          <exception class="java.lang.AssertionError">
            <message>
              <![CDATA[Error message NOT displayed, which is a failure!]]>
            </message>
            <full-stacktrace>
              <![CDATA[java.lang.AssertionError: Error message NOT displayed, which is a failure!
at org.testng.Assert.fail(Assert.java:96)
at BaseClasses.BaseTestClass.reportFail(BaseTestClass.java:174)
at PageClasses.CourseraForCampusPage.fillAndSubmitForm(CourseraForCampusPage.java:117)
at TestCases.IdentifyCoursesTest.formTest(IdentifyCoursesTest.java:66)
at sun.reflect.GeneratedMethodAccessor8.invoke(Unknown Source)
at sun.reflect.DelegatingMethodAccessorImpl.invoke(DelegatingMethodAccessorImpl.java:43)
at java.lang.reflect.Method.invoke(Method.java:498)
at org.testng.internal.MethodInvocationHelper.invokeMethod(MethodInvocationHelper.java:124)
at org.testng.internal.Invoker.invokeMethod(Invoker.java:583)
at org.testng.internal.Invoker.invokeTestMethod(Invoker.java:719)
at org.testng.internal.Invoker.invokeTestMethods(Invoker.java:989)
at org.testng.internal.TestMethodWorker.invokeTestMethods(TestMethodWorker.java:125)
at org.testng.internal.TestMethodWorker.run(TestMethodWorker.java:109)
at org.testng.TestRunner.privateRun(TestRunner.java:648)
at org.testng.TestRunner.run(TestRunner.java:505)
at org.testng.SuiteRunner.runTest(SuiteRunner.java:455)
at org.testng.SuiteRunner.access$000(SuiteRunner.java:40)
at org.testng.SuiteRunner$SuiteWorker.run(SuiteRunner.java:489)
at org.testng.internal.thread.ThreadUtil$1.call(ThreadUtil.java:52)
at java.util.concurrent.FutureTask.run(FutureTask.java:266)
at java.util.concurrent.ThreadPoolExecutor.runWorker(ThreadPoolExecutor.java:1149)
at java.util.concurrent.ThreadPoolExecutor$Worker.run(ThreadPoolExecutor.java:624)
at java.lang.Thread.run(Thread.java:748)
]]>
            </full-stacktrace>
          </exception> <!-- java.lang.AssertionError -->
          <reporter-output>
          </reporter-output>
        </test-method> <!-- formTest -->
        <test-method status="PASS" signature="formTest(java.util.Hashtable)[pri:1, instance:TestCases.IdentifyCoursesTest@6adede5]" name="formTest" duration-ms="20639" started-at="2020-10-05T08:02:01Z" data-provider="getData" finished-at="2020-10-05T08:02:22Z">
          <params>
            <param index="0">
              <value>
                <![CDATA[{Comment=Empty InstitutionName, InstitutionStrength=1001-5000, CourseraUsersCount=1001-5000, InstitutionType=Government, Email=ab@cd.com, JobTitle=QAE, PageTitle=Coursera for Campus | Online Learning Platform for Universities, LastName=Kamenov, InstitutionName=___, FirstName=Viktor, State=Tamil Nadu, Country=India, PhoneNo=987-654-3210}]]>
              </value>
            </param>
          </params>
          <reporter-output>
          </reporter-output>
        </test-method> <!-- formTest -->
        <test-method status="PASS" signature="formTest(java.util.Hashtable)[pri:1, instance:TestCases.IdentifyCoursesTest@6adede5]" name="formTest" duration-ms="19202" started-at="2020-10-05T08:02:22Z" data-provider="getData" finished-at="2020-10-05T08:02:41Z">
          <params>
            <param index="0">
              <value>
                <![CDATA[{Comment=No selection in InstitutionType, InstitutionStrength=1001-5000, CourseraUsersCount=1001-5000, InstitutionType=___, Email=ab@cd.com, JobTitle=QAE, PageTitle=Coursera for Campus | Online Learning Platform for Universities, LastName=Kamenov, InstitutionName=xyz , FirstName=Viktor, State=Tamil Nadu, Country=India, PhoneNo=987-654-3210}]]>
              </value>
            </param>
          </params>
          <reporter-output>
          </reporter-output>
        </test-method> <!-- formTest -->
        <test-method status="PASS" signature="formTest(java.util.Hashtable)[pri:1, instance:TestCases.IdentifyCoursesTest@6adede5]" name="formTest" duration-ms="16655" started-at="2020-10-05T08:02:41Z" data-provider="getData" finished-at="2020-10-05T08:02:58Z">
          <params>
            <param index="0">
              <value>
                <![CDATA[{Comment=No selection in InstitutionStrength, InstitutionStrength=___, CourseraUsersCount=1001-5000, InstitutionType=Government, Email=ab@cd.com, JobTitle=QAE, PageTitle=Coursera for Campus | Online Learning Platform for Universities, LastName=Kamenov, InstitutionName=xyz , FirstName=Viktor, State=Tamil Nadu, Country=India, PhoneNo=987-654-3210}]]>
              </value>
            </param>
          </params>
          <reporter-output>
          </reporter-output>
        </test-method> <!-- formTest -->
        <test-method status="PASS" signature="formTest(java.util.Hashtable)[pri:1, instance:TestCases.IdentifyCoursesTest@6adede5]" name="formTest" duration-ms="16798" started-at="2020-10-05T08:02:58Z" data-provider="getData" finished-at="2020-10-05T08:03:15Z">
          <params>
            <param index="0">
              <value>
                <![CDATA[{Comment=No selection in CourseraUsersCount, InstitutionStrength=1001-5000, CourseraUsersCount=___, InstitutionType=Government, Email=ab@cd.com, JobTitle=QAE, PageTitle=Coursera for Campus | Online Learning Platform for Universities, LastName=Kamenov, InstitutionName=xyz , FirstName=Viktor, State=Tamil Nadu, Country=India, PhoneNo=987-654-3210}]]>
              </value>
            </param>
          </params>
          <reporter-output>
          </reporter-output>
        </test-method> <!-- formTest -->
        <test-method status="PASS" signature="formTest(java.util.Hashtable)[pri:1, instance:TestCases.IdentifyCoursesTest@6adede5]" name="formTest" duration-ms="19072" started-at="2020-10-05T08:03:15Z" data-provider="getData" finished-at="2020-10-05T08:03:34Z">
          <params>
            <param index="0">
              <value>
                <![CDATA[{Comment=No selection in Country, InstitutionStrength=1001-5000, CourseraUsersCount=1001-5000, InstitutionType=Government, Email=ab@cd.com, JobTitle=QAE, PageTitle=Coursera for Campus | Online Learning Platform for Universities, LastName=Kamenov, InstitutionName=xyz , FirstName=Viktor, State=___, Country=___, PhoneNo=987-654-3210}]]>
              </value>
            </param>
          </params>
          <reporter-output>
          </reporter-output>
        </test-method> <!-- formTest -->
        <test-method status="PASS" signature="formTest(java.util.Hashtable)[pri:1, instance:TestCases.IdentifyCoursesTest@6adede5]" name="formTest" duration-ms="25587" started-at="2020-10-05T08:03:34Z" data-provider="getData" finished-at="2020-10-05T08:03:59Z">
          <params>
            <param index="0">
              <value>
                <![CDATA[{Comment=No selection in State, InstitutionStrength=1001-5000, CourseraUsersCount=1001-5000, InstitutionType=Government, Email=ab@cd.com, JobTitle=QAE, PageTitle=Coursera for Campus | Online Learning Platform for Universities, LastName=Kamenov, InstitutionName=xyz , FirstName=Viktor, State=___, Country=India, PhoneNo=987-654-3210}]]>
              </value>
            </param>
          </params>
          <reporter-output>
          </reporter-output>
        </test-method> <!-- formTest -->
        <test-method status="PASS" signature="quitBrowser()[pri:0, instance:TestCases.IdentifyCoursesTest@6adede5]" name="quitBrowser" is-config="true" duration-ms="4877" started-at="2020-10-05T08:03:59Z" finished-at="2020-10-05T08:04:04Z">
          <reporter-output>
          </reporter-output>
        </test-method> <!-- quitBrowser -->
        <test-method status="PASS" signature="endReport()[pri:0, instance:TestCases.IdentifyCoursesTest@6adede5]" name="endReport" is-config="true" duration-ms="1276" started-at="2020-10-05T08:04:04Z" finished-at="2020-10-05T08:04:05Z">
          <reporter-output>
          </reporter-output>
        </test-method> <!-- endReport -->
      </class> <!-- TestCases.IdentifyCoursesTest -->
    </test> <!-- Identify Courses in Firefox -->
  </suite> <!-- Regression suite -->
</testng-results>
