<?xml version="1.0" encoding="UTF-8"?>
<testng-results skipped="0" failed="0" ignored="0" total="0" passed="0">
  <reporter-output>
  </reporter-output>
  <suite name="com.hackathon.courseautomation.identifycourses.AppTest" duration-ms="14" started-at="2020-09-27T00:28:14 IST" finished-at="2020-09-27T00:28:14 IST">
    <groups>
    </groups>
    <test name="Command line test" duration-ms="14" started-at="2020-09-27T00:28:14 IST" finished-at="2020-09-27T00:28:14 IST">
    </test> <!-- Command line test -->
  </suite> <!-- com.hackathon.courseautomation.identifycourses.AppTest -->
</testng-results>
