<?xml version="1.0" encoding="UTF-8"?>
<!-- Generated by org.testng.reporters.JUnitXMLReporter -->
<testsuite hostname="LAPTOP-QFKR4O5H" ignored="1" name="Identify Courses in Chrome" tests="1" failures="0" timestamp="04 Oct 2020 17:24:20 GMT" time="91.399" errors="0">
  <testcase name="searchTest" time="90.216" classname="TestCases.IdentifyCoursesTest"/>
  <testcase name="formTest" time="0.0" classname="TestCases.IdentifyCoursesTest">
    <ignored/>
  </testcase> <!-- formTest -->
</testsuite> <!-- Identify Courses in Chrome -->
